This is pdfTeXk, Version 3.1415926-1.40.9 (Web2C 7.5.7) (format=pdflatex 2009.7.19)  24 APR 2010 21:16
entering extended mode
\write18 enabled.
 %&-line parsing enabled.
**Status.tex
(./Status.tex
LaTeX2e <2005/12/01>
Babel <v3.8l> and hyphenation patterns for english, usenglishmax, dumylang, noh
yphenation, german-x-2008-06-18, ngerman-x-2008-06-18, ancientgreek, ibycus, ar
abic, basque, bulgarian, catalan, pinyin, coptic, croatian, czech, danish, dutc
h, esperanto, estonian, farsi, finnish, french, galician, german, ngerman, mono
greek, greek, hungarian, icelandic, indonesian, interlingua, irish, italian, la
tin, lithuanian, mongolian, mongolian2a, bokmal, nynorsk, polish, portuguese, r
omanian, russian, sanskrit, serbian, slovak, slovenian, spanish, swedish, turki
sh, ukenglish, ukrainian, uppersorbian, welsh, loaded.
(/usr/local/texlive/2008/texmf-dist/tex/latex/base/article.cls
Document Class: article 2005/09/16 v1.4f Standard LaTeX document class
(/usr/local/texlive/2008/texmf-dist/tex/latex/base/size12.clo
File: size12.clo 2005/09/16 v1.4f Standard LaTeX file (size option)
)
\c@part=\count79
\c@section=\count80
\c@subsection=\count81
\c@subsubsection=\count82
\c@paragraph=\count83
\c@subparagraph=\count84
\c@figure=\count85
\c@table=\count86
\abovecaptionskip=\skip41
\belowcaptionskip=\skip42
\bibindent=\dimen102
) (./Status.aux)
\openout1 = `Status.aux'.

LaTeX Font Info:    Checking defaults for OML/cmm/m/it on input line 2.
LaTeX Font Info:    ... okay on input line 2.
LaTeX Font Info:    Checking defaults for T1/cmr/m/n on input line 2.
LaTeX Font Info:    ... okay on input line 2.
LaTeX Font Info:    Checking defaults for OT1/cmr/m/n on input line 2.
LaTeX Font Info:    ... okay on input line 2.
LaTeX Font Info:    Checking defaults for OMS/cmsy/m/n on input line 2.
LaTeX Font Info:    ... okay on input line 2.
LaTeX Font Info:    Checking defaults for OMX/cmex/m/n on input line 2.
LaTeX Font Info:    ... okay on input line 2.
LaTeX Font Info:    Checking defaults for U/cmr/m/n on input line 2.
LaTeX Font Info:    ... okay on input line 2.
LaTeX Font Info:    External font `cmex10' loaded for size
(Font)              <14.4> on input line 10.
LaTeX Font Info:    External font `cmex10' loaded for size
(Font)              <7> on input line 10.
Missing character: There is no à in font cmr12!
LaTeX Font Info:    Try loading font information for OMS+cmr on input line 31.

(/usr/local/texlive/2008/texmf-dist/tex/latex/base/omscmr.fd
File: omscmr.fd 1999/05/25 v2.5h Standard LaTeX font definitions
)
LaTeX Font Info:    Font shape `OMS/cmr/m/n' in size <12> not available
(Font)              Font shape `OMS/cmsy/m/n' tried instead on input line 31.
Missing character: There is no é in font cmr12!
Missing character: There is no é in font cmr12!
Missing character: There is no é in font cmr12!
Missing character: There is no à in font cmr12!
Missing character: There is no é in font cmr12!
Missing character: There is no à in font cmr12!
Missing character: There is no à in font cmr12!
Missing character: There is no é in font cmr12!
Missing character: There is no é in font cmr12!
 [1

{/usr/local/texlive/2008/texmf-var/fonts/map/pdftex/updmap/pdftex.map}]
Overfull \hbox (5.38936pt too wide) in paragraph at lines 57--60
\OT1/cmr/m/n/12 ing of some note-books be-fore in-stal-la-tion. Cre-ated a test
 \OT1/cmtt/m/n/12 TestSynthesis
 []

[2] [3]
LaTeX Font Info:    External font `cmex10' loaded for size
(Font)              <12> on input line 124.
LaTeX Font Info:    External font `cmex10' loaded for size
(Font)              <8> on input line 124.
LaTeX Font Info:    External font `cmex10' loaded for size
(Font)              <6> on input line 124.

Overfull \hbox (44.9838pt too wide) in paragraph at lines 123--129
[]\OT1/cmr/m/n/12 Made a mod-i-fi-ca-tion in Al-pHard.m, to the func-tion al-ph
a0ToAlphard.
 []

[4]
Overfull \hbox (8.91632pt too wide) in paragraph at lines 129--135
\OT1/cmr/m/n/12 cally down-loaded. A cor-re-spond-ing ex-am-ple is in myNote-bo
oks/Allocate.
 []


Overfull \hbox (6.89622pt too wide) in paragraph at lines 135--137
[]\OT1/cmr/m/n/12 added a new op-tion to func-tion scd. Op-tion du-ra-tionsNonZ
ero
 []

[5]
Overfull \hbox (22.09346pt too wide) in paragraph at lines 175--177
[]\OT1/cmr/m/n/12 added \OT1/cmtt/m/n/12 mute \OT1/cmr/m/n/12 op-tion to \OT1/c
mtt/m/n/12 schedule.m\OT1/cmr/m/n/12 , \OT1/cmtt/m/n/12 farkasSchedule.m\OT1/cm
r/m/n/12 , \OT1/cmtt/m/n/12 analyze\OT1/cmr/m/n/12 ,
 []


Overfull \hbox (25.52437pt too wide) in paragraph at lines 177--181
[]\OT1/cmr/m/n/12 added a \OT1/cmtt/m/n/12 mute \OT1/cmr/m/n/12 op-tion to \OT1
/cmtt/m/n/12 Alpha.m \OT1/cmr/m/n/12 pack-age. \OT1/cmtt/m/n/12 Alpha.m\OT1/cmr
/m/n/12 , \OT1/cmtt/m/n/12 Synthesis.m\OT1/cmr/m/n/12 ,
 []

[6]
Overfull \hbox (1.74034pt too wide) in paragraph at lines 192--198
[]\OT1/cmr/m/n/12 Committed ev-ery-thing in lib, ex-cept \OT1/cmtt/m/n/12 Norma
lization.m\OT1/cmr/m/n/12 . Cor-
 []

Missing character: There is no é in font cmr12!
Missing character: There is no é in font cmr12!
[7]
Overfull \hbox (24.16867pt too wide) in paragraph at lines 218--223
[]\OT1/cmr/m/n/12 the Meta doc-u-men-ta-tion (in doc/Meta and in doc/Packages/M
eta)
 []


Overfull \hbox (1.16475pt too wide) in paragraph at lines 228--236
[]\OT1/cmr/m/n/12 added func-tions isOut-pu-tReg-u-lar, are-All-Out-put-sReg-u-
lar, mk-
 []

[8]
Missing character: There is no   in font cmr12!
 [9]
Overfull \hbox (4.9474pt too wide) in paragraph at lines 274--276
[]\OT1/cmr/m/n/12 First, I down-loaded polylib from stras-burg (see the note in
 doc/PolyLib).
 []

[10]
Overfull \hbox (29.91756pt too wide) in paragraph at lines 338--340
[]\OT1/cmr/m/n/12 checked com-mit-te-ments of lib.cygwin, lib.darwin, bin.cygwi
n,
 []

[11]
Overfull \hbox (19.90547pt too wide) in paragraph at lines 358--362
\OT1/cmr/m/n/12 mem-ber that us-ing sched-ule (Farkas sched-uler) one needs to 
use structSched
 []


Overfull \hbox (0.16731pt too wide) in paragraph at lines 370--379
\OT1/cmtt/m/n/12 Schedule.m \OT1/cmr/m/n/12 an in-ter-nal func-tion \OT1/cmtt/m
/n/12 storeSchedule \OT1/cmr/m/n/12 of \OT1/cmtt/m/n/12 VertexSchedule.m
 []

[12] [13]
Missing character: There is no î in font cmr12!
Missing character: There is no à in font cmr12!
Missing character: There is no é in font cmr12!
Missing character: There is no é in font cmr12!
Missing character: There is no é in font cmr12!

Overfull \hbox (4.19177pt too wide) in paragraph at lines 424--426
[]\OT1/cmr/m/n/12 Complete the de-scrip-tion of ap-pen-dices in this doc-u-ment
 us-ing the README
 []

[14] [15]
Overfull \hbox (22.22488pt too wide) in paragraph at lines 468--468
 []\OT1/cmtt/m/n/12 alias cvs='cvs -z3 -d:ext:quinton@lipforge.ens-lyon.fr:/loc
al\[] 
 []

[16]
Missing character: There is no   in font cmr12!

Overfull \hbox (71.62491pt too wide) in paragraph at lines 527--527
 []\OT1/cmtt/m/n/12 alias mma /Applications/Mathematica 5.1.app/Contents/MacOS/
Mathematica[] 
 []


Overfull \hbox (60.77522pt too wide) in paragraph at lines 538--538
[]\OT1/cmtt/m/n/12 alias mma '/Applications/Mathematica\ 5.1.app/Contents/MacOS
/Mathematica'[] 
 []


Overfull \hbox (141.05026pt too wide) in paragraph at lines 538--538
[]\OT1/cmtt/m/n/12 alias cvsmma 'cvs -z3 -d:ext:quinton@lipforge.ens-lyon.fr:/l
ocal/chroot/cvsroot/irisa'[] 
 []

[17] (./Status.aux) ) 
Here is how much of TeX's memory you used:
 260 strings out of 493876
 2942 string characters out of 1150568
 53901 words of memory out of 3000000
 3605 multiletter control sequences out of 10000+50000
 9573 words of font info for 34 fonts, out of 3000000 for 5000
 714 hyphenation exceptions out of 8191
 22i,6n,19p,197b,308s stack positions out of 5000i,500n,10000p,200000b,50000s
</usr/local/texlive/2008/texmf-dist/fonts/type1/bluesky/cm
/cmbx12.pfb></usr/local/texlive/2008/texmf-dist/fonts/type1/bluesky/cm/cmcsc10.
pfb></usr/local/texlive/2008/texmf-dist/fonts/type1/bluesky/cm/cmmi12.pfb></usr
/local/texlive/2008/texmf-dist/fonts/type1/bluesky/cm/cmr12.pfb></usr/local/tex
live/2008/texmf-dist/fonts/type1/bluesky/cm/cmr17.pfb></usr/local/texlive/2008/
texmf-dist/fonts/type1/bluesky/cm/cmsy10.pfb></usr/local/texlive/2008/texmf-dis
t/fonts/type1/bluesky/cm/cmtt12.pfb>
Output written on Status.pdf (17 pages, 96423 bytes).
PDF statistics:
 85 PDF objects out of 1000 (max. 8388607)
 0 named destinations out of 1000 (max. 131072)
 1 words of extra memory for PDF output out of 10000 (max. 10000000)

