This is pdfeTeX, Version 3.141592-1.30.4-2.2 (Web2C 7.5.5) (format=pdflatex 2006.12.26)  8 MAY 2009 12:32
entering extended mode
\write18 enabled.
**component-descrition.tex
(./component-descrition.tex
LaTeX2e <2005/12/01>
Babel <v3.8d> and hyphenation patterns for american, french, german, ngerman, b
ahasa, basque, bulgarian, catalan, croatian, czech, danish, dutch, esperanto, e
stonian, finnish, greek, icelandic, irish, italian, latin, magyar, norsk, polis
h, portuges, romanian, russian, serbian, slovak, slovene, spanish, swedish, tur
kish, ukrainian, nohyphenation, loaded.
(/usr/local/teTeX/share/texmf.local/tex/latex/base/article.cls
Document Class: article 2005/09/16 v1.4f Standard LaTeX document class
(/usr/local/teTeX/share/texmf.local/tex/latex/base/size11.clo
File: size11.clo 2005/09/16 v1.4f Standard LaTeX file (size option)
)
\c@part=\count79
\c@section=\count80
\c@subsection=\count81
\c@subsubsection=\count82
\c@paragraph=\count83
\c@subparagraph=\count84
\c@figure=\count85
\c@table=\count86
\abovecaptionskip=\skip41
\belowcaptionskip=\skip42
\bibindent=\dimen102
)
(/usr/local/teTeX/share/texmf.local/tex/latex/base/makeidx.sty
Package: makeidx 2000/03/29 v1.0m Standard LaTeX package
)
(/usr/local/teTeX/share/texmf.tetex/tex/latex/fancyvrb/fancyvrb.sty
Package: fancyvrb 1998/07/17

Style option: `fancyvrb' v2.6, with DG/SPQR fixes <1998/07/17> (tvz)
(/usr/local/teTeX/share/texmf.local/tex/latex/graphics/keyval.sty
Package: keyval 1999/03/16 v1.13 key=value parser (DPC)
\KV@toks@=\toks14
)
\FV@CodeLineNo=\count87
\FV@InFile=\read1
\FV@TabBox=\box26
\c@FancyVerbLine=\count88
\FV@StepNumber=\count89
\FV@OutFile=\write3

No file fancyvrb.cfg.
) (/usr/local/teTeX/share/texmf.local/tex/latex/graphics/graphicx.sty
Package: graphicx 1999/02/16 v1.0f Enhanced LaTeX Graphics (DPC,SPQR)

(/usr/local/teTeX/share/texmf.local/tex/latex/graphics/graphics.sty
Package: graphics 2006/02/20 v1.0o Standard LaTeX Graphics (DPC,SPQR)

(/usr/local/teTeX/share/texmf.local/tex/latex/graphics/trig.sty
Package: trig 1999/03/16 v1.09 sin cos tan (DPC)
)
(/usr/local/teTeX/share/texmf.tetex/tex/latex/graphics/graphics.cfg
File: graphics.cfg 2005/02/03 v1.3 graphics configuration of teTeX/TeXLive
)
Package graphics Info: Driver file: pdftex.def on input line 90.

(/usr/local/teTeX/share/texmf.tetex/tex/latex/graphics/pdftex.def
File: pdftex.def 2002/06/19 v0.03k graphics/color for pdftex
\Gread@gobject=\count90
))
\Gin@req@height=\dimen103
\Gin@req@width=\dimen104
)
(./component-descrition.aux

LaTeX Warning: Label `romarchi' multiply defined.


LaTeX Warning: Label `romcomp' multiply defined.


LaTeX Warning: Label `romarchi' multiply defined.


LaTeX Warning: Label `romcomp' multiply defined.


LaTeX Warning: Label `romarchi' multiply defined.


LaTeX Warning: Label `romarchi' multiply defined.


LaTeX Warning: Label `romarchi' multiply defined.


LaTeX Warning: Label `romarchi' multiply defined.


LaTeX Warning: Label `romcomp' multiply defined.


LaTeX Warning: Label `romarchi' multiply defined.

)
\openout1 = `component-descrition.aux'.

LaTeX Font Info:    Checking defaults for OML/cmm/m/it on input line 5.
LaTeX Font Info:    ... okay on input line 5.
LaTeX Font Info:    Checking defaults for T1/cmr/m/n on input line 5.
LaTeX Font Info:    ... okay on input line 5.
LaTeX Font Info:    Checking defaults for OT1/cmr/m/n on input line 5.
LaTeX Font Info:    ... okay on input line 5.
LaTeX Font Info:    Checking defaults for OMS/cmsy/m/n on input line 5.
LaTeX Font Info:    ... okay on input line 5.
LaTeX Font Info:    Checking defaults for OMX/cmex/m/n on input line 5.
LaTeX Font Info:    ... okay on input line 5.
LaTeX Font Info:    Checking defaults for U/cmr/m/n on input line 5.
LaTeX Font Info:    ... okay on input line 5.
 (/usr/local/teTeX/share/texmf.local/tex/context/base/supp-pdf.tex
[Loading MPS to PDF converter (version 2006.09.02).]
\scratchcounter=\count91
\scratchdimen=\dimen105
\scratchbox=\box27
\nofMPsegments=\count92
\nofMParguments=\count93
\MPscratchCnt=\count94
\MPscratchDim=\dimen106
\MPnumerator=\count95
\everyMPtoPDFconversion=\toks15
)
LaTeX Font Info:    External font `cmex10' loaded for size
(Font)              <12> on input line 11.
LaTeX Font Info:    External font `cmex10' loaded for size
(Font)              <8> on input line 11.
LaTeX Font Info:    External font `cmex10' loaded for size
(Font)              <6> on input line 11.
LaTeX Font Info:    Font shape `OT1/cmtt/bx/n' in size <14.4> not available
(Font)              Font shape `OT1/cmtt/m/n' tried instead on input line 14.
LaTeX Font Info:    Font shape `OT1/cmtt/bx/n' in size <10.95> not available
(Font)              Font shape `OT1/cmtt/m/n' tried instead on input line 26.

Overfull \hbox (0.98483pt too wide) in paragraph at lines 40--42
[]\OT1/cmr/m/n/10.95 the val-ues as-so-ci-ated to the ROM. This pa-ram-e-ter is
 not manda-
 []

[1

{/usr/local/teTeX/share/texmf.local/fonts/map/pdftex/updmap/pdftex.map}]
[2] [3] [4] [5] [6] [7] [8] [9] [10] [11] [12] [13] [14]
(./component-descrition.aux)

LaTeX Warning: There were multiply-defined labels.

 ) 
Here is how much of TeX's memory you used:
 1274 strings out of 94412
 17265 string characters out of 1172318
 2063653 words of memory out of 4515217
 4520 multiletter control sequences out of 10000+50000
 8833 words of font info for 32 fonts, out of 2000000 for 2000
 582 hyphenation exceptions out of 5000
 25i,4n,20p,197b,247s stack positions out of 5000i,500n,6000p,200000b,40000s
PDF statistics:
 66 PDF objects out of 300000
 0 named destinations out of 131072
 1 words of extra memory for PDF output out of 10000
</usr/local/teTeX/share/texmf.tetex/fonts/type1/bluesky/cm/cmbx10.pfb></usr/l
ocal/teTeX/share/texmf.tetex/fonts/type1/bluesky/cm/cmtt10.pfb></usr/local/teTe
X/share/texmf.tetex/fonts/type1/bluesky/cm/cmr10.pfb></usr/local/teTeX/share/te
xmf.tetex/fonts/type1/bluesky/cm/cmtt12.pfb></usr/local/teTeX/share/texmf.tetex
/fonts/type1/bluesky/cm/cmbx12.pfb></usr/local/teTeX/share/texmf.tetex/fonts/ty
pe1/bluesky/cm/cmcsc10.pfb></usr/local/teTeX/share/texmf.tetex/fonts/type1/blue
sky/cm/cmr17.pfb>
Output written on component-descrition.pdf (14 pages, 63466 bytes).
