This is pdfeTeX, Version 3.141592-1.30.4-2.2 (Web2C 7.5.5) (format=pdflatex 2006.12.26)  20 FEB 2009 18:16
entering extended mode
\write18 enabled.
**PeriodicSystemGeneration.tex
(./PeriodicSystemGeneration.tex
LaTeX2e <2005/12/01>
Babel <v3.8d> and hyphenation patterns for american, french, german, ngerman, b
ahasa, basque, bulgarian, catalan, croatian, czech, danish, dutch, esperanto, e
stonian, finnish, greek, icelandic, irish, italian, latin, magyar, norsk, polis
h, portuges, romanian, russian, serbian, slovak, slovene, spanish, swedish, tur
kish, ukrainian, nohyphenation, loaded.
(/usr/local/teTeX/share/texmf.local/tex/latex/base/article.cls
Document Class: article 2005/09/16 v1.4f Standard LaTeX document class
(/usr/local/teTeX/share/texmf.local/tex/latex/base/size11.clo
File: size11.clo 2005/09/16 v1.4f Standard LaTeX file (size option)
)
\c@part=\count79
\c@section=\count80
\c@subsection=\count81
\c@subsubsection=\count82
\c@paragraph=\count83
\c@subparagraph=\count84
\c@figure=\count85
\c@table=\count86
\abovecaptionskip=\skip41
\belowcaptionskip=\skip42
\bibindent=\dimen102
)
(./PeriodicSystemGeneration.aux)
\openout1 = `PeriodicSystemGeneration.aux'.

LaTeX Font Info:    Checking defaults for OML/cmm/m/it on input line 2.
LaTeX Font Info:    ... okay on input line 2.
LaTeX Font Info:    Checking defaults for T1/cmr/m/n on input line 2.
LaTeX Font Info:    ... okay on input line 2.
LaTeX Font Info:    Checking defaults for OT1/cmr/m/n on input line 2.
LaTeX Font Info:    ... okay on input line 2.
LaTeX Font Info:    Checking defaults for OMS/cmsy/m/n on input line 2.
LaTeX Font Info:    ... okay on input line 2.
LaTeX Font Info:    Checking defaults for OMX/cmex/m/n on input line 2.
LaTeX Font Info:    ... okay on input line 2.
LaTeX Font Info:    Checking defaults for U/cmr/m/n on input line 2.
LaTeX Font Info:    ... okay on input line 2.
LaTeX Font Info:    External font `cmex10' loaded for size
(Font)              <12> on input line 11.
LaTeX Font Info:    External font `cmex10' loaded for size
(Font)              <8> on input line 11.
LaTeX Font Info:    External font `cmex10' loaded for size
(Font)              <6> on input line 11.
 (./PeriodicSystemGeneration.toc
LaTeX Font Info:    Font shape `OT1/cmtt/bx/n' in size <10.95> not available
(Font)              Font shape `OT1/cmtt/m/n' tried instead on input line 2.
LaTeX Font Info:    External font `cmex10' loaded for size
(Font)              <10.95> on input line 4.
)
\tf@toc=\write3
\openout3 = `PeriodicSystemGeneration.toc'.

LaTeX Font Info:    Try loading font information for OMS+cmr on input line 17.

(/usr/local/teTeX/share/texmf.local/tex/latex/base/omscmr.fd
File: omscmr.fd 1999/05/25 v2.5h Standard LaTeX font definitions
)
LaTeX Font Info:    Font shape `OMS/cmr/m/n' in size <10.95> not available
(Font)              Font shape `OMS/cmsy/m/n' tried instead on input line 17.
Missing character: There is no é in font cmr10!
Missing character: There is no à in font cmr10!


LaTeX Warning: Citation `quinton-asap04' on page 1 undefined on input line 26.

[1

{/usr/local/teTeX/share/texmf.local/fonts/map/pdftex/updmap/pdftex.map}]
LaTeX Font Info:    Font shape `OT1/cmtt/bx/n' in size <14.4> not available
(Font)              Font shape `OT1/cmtt/m/n' tried instead on input line 28.


LaTeX Warning: Citation `quinton-asap04' on page 2 undefined on input line 57.


Overfull \hbox (4.56123pt too wide) in paragraph at lines 72--75
\OT1/cmr/m/n/10.95 The gen-er-a-tion of \OT1/cmr/m/sc/10.95 vhdl \OT1/cmr/m/n/1
0.95 pro-grams is im-ple-mented as the \OT1/cmtt/m/n/10.95 synPeriodic \OT1/cmr
/m/sc/10.95 Mmal-
 []

[2]
Overfull \hbox (0.40364pt too wide) in paragraph at lines 83--85
[]\OT1/cmr/m/n/10.95 This func-tion makes use of the \OT1/cmtt/m/n/10.95 genVhd
l \OT1/cmr/m/n/10.95 func-tion, in-cluded in the \OT1/cmtt/m/n/10.95 Vhdl2.m
 []

[3]

LaTeX Warning: Reference `paramschedule' on page 4 undefined on input line 152.


[4] [5]
Missing character: There is no   in font cmr10!

Overfull \hbox (2.16733pt too wide) in paragraph at lines 224--224
[]     \OT1/cmtt/m/n/10.95 "$comment$" -> "Periodic enable generator with perio
d 7"];[] 
 []

[6]
LaTeX Font Info:    Try loading font information for OMS+cmtt on input line 267
.
LaTeX Font Info:    No file OMScmtt.fd. on input line 267.


LaTeX Font Warning: Font shape `OMS/cmtt/m/n' undefined
(Font)              using `OMS/cmsy/m/n' instead
(Font)              for symbol `textbraceleft' on input line 267.

[7]
Overfull \hbox (77.2979pt too wide) in paragraph at lines 335--337
[]\OT1/cmr/m/n/10.95 and the pipe sig-nal (\OT1/cmtt/m/n/10.95 pipeCw7Xctl1PXIn
itXIn \OT1/cmr/m/n/10.95 binded to \OT1/cmtt/m/n/10.95 pipeCw7Xctl1PXInitXIn(1)
\OT1/cmr/m/n/10.95 ). 
 []

[8]
Overfull \hbox (68.0512pt too wide) in paragraph at lines 349--350
[]\OT1/cmr/m/n/10.95 the w co-ef-fi-cient (\OT1/cmtt/m/n/10.95 pipeCw7Xctl1PReg
2Xloc\OT1/cmr/m/n/10.95 , binded to \OT1/cmtt/m/n/10.95 pipeCw7Xctl1PReg2Xloc(p
)\OT1/cmr/m/n/10.95 ), 
 []


Overfull \hbox (31.3084pt too wide) in paragraph at lines 352--354
[]\OT1/cmr/m/n/10.95 and the pipe sig-nal (\OT1/cmtt/m/n/10.95 pipeIOCw9Reg4Xlo
c \OT1/cmr/m/n/10.95 binded to \OT1/cmtt/m/n/10.95 pipeIOCw9Reg4Xloc(p)\OT1/cmr
/m/n/10.95 ). 
 []

[9] [10] (./PeriodicSystemGeneration.aux)

LaTeX Font Warning: Some font shapes were not available, defaults substituted.


LaTeX Warning: There were undefined references.

 ) 
Here is how much of TeX's memory you used:
 288 strings out of 94412
 3467 string characters out of 1172318
 2048436 words of memory out of 4500000
 3572 multiletter control sequences out of 10000+50000
 10397 words of font info for 37 fonts, out of 2000000 for 2000
 582 hyphenation exceptions out of 5000
 22i,6n,20p,258b,211s stack positions out of 5000i,500n,6000p,200000b,40000s
PDF statistics:
 68 PDF objects out of 300000
 0 named destinations out of 131072
 1 words of extra memory for PDF output out of 10000
</usr/local/teTeX/share/texmf.tetex/fonts/type1/bluesky/cm/cmmi8.pfb></usr/lo
cal/teTeX/share/texmf.tetex/fonts/type1/bluesky/cm/cmti10.pfb></usr/local/teTeX
/share/texmf.tetex/fonts/type1/bluesky/cm/cmmi10.pfb></usr/local/teTeX/share/te
xmf.tetex/fonts/type1/bluesky/cm/cmtt12.pfb></usr/local/teTeX/share/texmf.tetex
/fonts/type1/bluesky/cm/cmsy10.pfb></usr/local/teTeX/share/texmf.tetex/fonts/ty
pe1/bluesky/cm/cmr10.pfb></usr/local/teTeX/share/texmf.tetex/fonts/type1/bluesk
y/cm/cmtt10.pfb></usr/local/teTeX/share/texmf.tetex/fonts/type1/bluesky/cm/cmbx
10.pfb></usr/local/teTeX/share/texmf.tetex/fonts/type1/bluesky/cm/cmbx12.pfb></
usr/local/teTeX/share/texmf.tetex/fonts/type1/bluesky/cm/cmr12.pfb></usr/local/
teTeX/share/texmf.tetex/fonts/type1/bluesky/cm/cmcsc10.pfb></usr/local/teTeX/sh
are/texmf.tetex/fonts/type1/bluesky/cm/cmr17.pfb>
Output written on PeriodicSystemGeneration.pdf (10 pages, 109237 bytes).
