This is pdfeTeX, Version 3.141592-1.30.4-2.2 (Web2C 7.5.5) (format=pdflatex 2006.12.26)  29 DEC 2007 11:27
entering extended mode
\write18 enabled.
**docMeta.tex
(./docMeta.tex
LaTeX2e <2005/12/01>
Babel <v3.8d> and hyphenation patterns for american, french, german, ngerman, b
ahasa, basque, bulgarian, catalan, croatian, czech, danish, dutch, esperanto, e
stonian, finnish, greek, icelandic, irish, italian, latin, magyar, norsk, polis
h, portuges, romanian, russian, serbian, slovak, slovene, spanish, swedish, tur
kish, ukrainian, nohyphenation, loaded.
(/usr/local/teTeX/share/texmf.local/tex/latex/base/article.cls
Document Class: article 2005/09/16 v1.4f Standard LaTeX document class
(/usr/local/teTeX/share/texmf.local/tex/latex/base/size12.clo
File: size12.clo 2005/09/16 v1.4f Standard LaTeX file (size option)
)
\c@part=\count79
\c@section=\count80
\c@subsection=\count81
\c@subsubsection=\count82
\c@paragraph=\count83
\c@subparagraph=\count84
\c@figure=\count85
\c@table=\count86
\abovecaptionskip=\skip41
\belowcaptionskip=\skip42
\bibindent=\dimen102
)
(/usr/local/teTeX/share/texmf.tetex/tex/latex/preprint/fullpage.sty
Package: fullpage 1999/02/23 1.1 (PWD)
\FP@margin=\skip43
)
(/usr/local/teTeX/share/texmf.tetex/tex/latex/eepic/epic.sty
Enhancements to Picture Environment. Version 1.2 - Released June 1, 1986
\@@multicnt=\count87
\d@lta=\count88
\@delta=\dimen103
\@@delta=\dimen104
\@gridcnt=\count89
\@joinkind=\count90
\@dotgap=\dimen105
\@ddotgap=\dimen106
\@x@diff=\count91
\@y@diff=\count92
\x@diff=\dimen107
\y@diff=\dimen108
\@dotbox=\box26
\num@segments=\count93
\num@segmentsi=\count94
\@datafile=\read1
) (/usr/local/teTeX/share/texmf.tetex/tex/latex/eepic/eepic.sty
Extension to Epic and LaTeX. Version 1.1e - Released Dec 21, 1999
\@gphlinewidth=\count95
\@eepictcnt=\count96
\@tempdimc=\dimen109
\maxovaldiam=\dimen110
\@filltype=\box27
) (/usr/local/teTeX/share/texmf.local/tex/latex/graphics/epsfig.sty
Package: epsfig 1999/02/16 v1.7a (e)psfig emulation (SPQR)

(/usr/local/teTeX/share/texmf.local/tex/latex/graphics/graphicx.sty
Package: graphicx 1999/02/16 v1.0f Enhanced LaTeX Graphics (DPC,SPQR)

(/usr/local/teTeX/share/texmf.local/tex/latex/graphics/keyval.sty
Package: keyval 1999/03/16 v1.13 key=value parser (DPC)
\KV@toks@=\toks14
)
(/usr/local/teTeX/share/texmf.local/tex/latex/graphics/graphics.sty
Package: graphics 2006/02/20 v1.0o Standard LaTeX Graphics (DPC,SPQR)

(/usr/local/teTeX/share/texmf.local/tex/latex/graphics/trig.sty
Package: trig 1999/03/16 v1.09 sin cos tan (DPC)
)
(/usr/local/teTeX/share/texmf.tetex/tex/latex/graphics/graphics.cfg
File: graphics.cfg 2005/02/03 v1.3 graphics configuration of teTeX/TeXLive
)
Package graphics Info: Driver file: pdftex.def on input line 90.

(/usr/local/teTeX/share/texmf.tetex/tex/latex/graphics/pdftex.def
File: pdftex.def 2002/06/19 v0.03k graphics/color for pdftex
\Gread@gobject=\count97
))
\Gin@req@height=\dimen111
\Gin@req@width=\dimen112
)
\epsfxsize=\dimen113
\epsfysize=\dimen114
)
(/usr/local/teTeX/share/texmf.local/tex/latex/base/makeidx.sty
Package: makeidx 2000/03/29 v1.0m Standard LaTeX package
)
(/usr/local/teTeX/share/texmf.local/tex/latex/graphics/color.sty
Package: color 2005/11/14 v1.0j Standard LaTeX Color (DPC)

(/usr/local/teTeX/share/texmf.tetex/tex/latex/graphics/color.cfg
File: color.cfg 2005/02/03 v1.3 color configuration of teTeX/TeXLive
)
Package color Info: Driver file: pdftex.def on input line 130.
)
(/usr/local/teTeX/share/texmf.tetex/tex/latex/moreverb/moreverb.sty
Package: moreverb 1997/12/07 v2.2d.2 `more' verbatim facilities

(/usr/local/teTeX/share/texmf.local/tex/latex/tools/verbatim.sty
Package: verbatim 2003/08/22 v1.5q LaTeX2e package for verbatim enhancements
\every@verbatim=\toks15
\verbatim@line=\toks16
\verbatim@in@stream=\read2
)
\verbatim@out=\write3
\tab@position=\count98
\tab@size=\count99
\listing@line=\count100
)
(/usr/local/teTeX/share/texmf.tetex/tex/latex/boxedminipage/boxedminipage.sty)
(/usr/local/teTeX/share/texmf.tetex/tex/latex/version/version.sty)
\@indexfile=\write4
\openout4 = `docMeta.idx'.


Writing index file docMeta.idx
(./docMeta.aux)
\openout1 = `docMeta.aux'.

LaTeX Font Info:    Checking defaults for OML/cmm/m/it on input line 15.
LaTeX Font Info:    ... okay on input line 15.
LaTeX Font Info:    Checking defaults for T1/cmr/m/n on input line 15.
LaTeX Font Info:    ... okay on input line 15.
LaTeX Font Info:    Checking defaults for OT1/cmr/m/n on input line 15.
LaTeX Font Info:    ... okay on input line 15.
LaTeX Font Info:    Checking defaults for OMS/cmsy/m/n on input line 15.
LaTeX Font Info:    ... okay on input line 15.
LaTeX Font Info:    Checking defaults for OMX/cmex/m/n on input line 15.
LaTeX Font Info:    ... okay on input line 15.
LaTeX Font Info:    Checking defaults for U/cmr/m/n on input line 15.
LaTeX Font Info:    ... okay on input line 15.

(/usr/local/teTeX/share/texmf.local/tex/context/base/supp-pdf.tex
[Loading MPS to PDF converter (version 2006.09.02).]
\scratchcounter=\count101
\scratchdimen=\dimen115
\scratchbox=\box28
\nofMPsegments=\count102
\nofMParguments=\count103
\MPscratchCnt=\count104
\MPscratchDim=\dimen116
\MPnumerator=\count105
\everyMPtoPDFconversion=\toks17
)
LaTeX Font Info:    External font `cmex10' loaded for size
(Font)              <14.4> on input line 21.
LaTeX Font Info:    External font `cmex10' loaded for size
(Font)              <7> on input line 21.
LaTeX Font Info:    External font `cmex10' loaded for size
(Font)              <10.95> on input line 61.
LaTeX Font Info:    External font `cmex10' loaded for size
(Font)              <8> on input line 61.
LaTeX Font Info:    External font `cmex10' loaded for size
(Font)              <6> on input line 61.
LaTeX Font Info:    External font `cmex10' loaded for size
(Font)              <5> on input line 63.
 [1

{/usr/local/teTeX/share/texmf.local/fonts/map/pdftex/updmap/pdftex.map}]
File: bnfMeta.tex  (verbatim)

[2]
Underfull \hbox (badness 1577) in paragraph at lines 170--177
[]\OT1/cmr/m/n/10.95 For non ter-mi-nal sub-trees, ar-gu-ments of the form \OT1
/cmtt/m/n/10.95 <symbol>:<symbol> \OT1/cmr/m/n/10.95 or
 []

[3]
Underfull \hbox (badness 7558) in paragraph at lines 259--263
[]\OT1/cmr/m/n/10.95 Write se-man-tic func-tions (if needed) in a sep-a-rate pa
ck-age named
 []

[4]
LaTeX Font Info:    Font shape `OT1/cmtt/bx/n' in size <17.28> not available
(Font)              Font shape `OT1/cmtt/m/n' tried instead on input line 281.
LaTeX Font Info:    Try loading font information for OMS+cmr on input line 284.

 (/usr/local/teTeX/share/texmf.local/tex/latex/base/omscmr.fd
File: omscmr.fd 1999/05/25 v2.5h Standard LaTeX font definitions
)
LaTeX Font Info:    Font shape `OMS/cmr/m/n' in size <10.95> not available
(Font)              Font shape `OMS/cmsy/m/n' tried instead on input line 284.

Underfull \hbox (badness 10000) in paragraph at lines 312--315
[]\OT1/cmr/m/n/10.95 The pack-age \OT1/cmtt/m/n/10.95 myTranslator.m \OT1/cmr/m
/n/10.95 loads au-to-mat-i-cally the se-man-tic file
 []


LaTeX Warning: Citation `patricia' on page 5 undefined on input line 326.


LaTeX Warning: Reference `checkCellsem' on page 5 undefined on input line 333.

File: CheckCell.meta  (verbatim)
[5]
Overfull \hbox (77.00157pt too wide) in paragraph at lines 345--345
 []        \OT1/cmtt/m/n/10.95 :> semanticFunc[ decl, decl[ varName, varType, d
omain ], debug -> CheckCellDebug ][] 
 []


Overfull \hbox (31.01207pt too wide) in paragraph at lines 345--345
 []\OT1/cmtt/m/n/10.95 (* The semantics of this construct is to set the global 
variable CheckCellParam *)[] 
 []

[6] [7]
Overfull \hbox (99.99632pt too wide) in paragraph at lines 345--345
 []                             \OT1/cmtt/m/n/10.95 equation[ leftHandSide, rig
htHandSide], debug -> CheckCellDebug ][] 
 []


Overfull \hbox (19.5147pt too wide) in paragraph at lines 345--345
 []\OT1/cmtt/m/n/10.95 types of assignments are allowed: multiplexers either in
 form of case statements[] 
 []


Overfull \hbox (13.766pt too wide) in paragraph at lines 345--345
 []\OT1/cmtt/m/n/10.95 or if statements, affine expressions (X[t-k], where k is
 a constant or cons[]),[] 
 []

[8]
Overfull \hbox (31.01207pt too wide) in paragraph at lines 345--345
 []         \OT1/cmtt/m/n/10.95 :> semanticFunc[ binop, troperand1, troperand2,
 debug -> CheckCellDebug ][] 
 []

[9] [10]
Overfull \hbox (2.26863pt too wide) in paragraph at lines 345--345
 []\OT1/cmtt/m/n/10.95 (* Here, I assume a very restricted case of multiplexer:
 only two branches *)[] 
 []


Overfull \hbox (59.75551pt too wide) in paragraph at lines 345--345
 []         \OT1/cmtt/m/n/10.95 :> semanticFunc[ restrict, trdomain, trifExpres
sion, debug -> CheckCellDebug ][] 
 []


Overfull \hbox (180.47795pt too wide) in paragraph at lines 345--345
 []      \OT1/cmtt/m/n/10.95 :> semanticFunc[ if, trifCondition, ifCondition, t
ralt1, alt1, tralt2, alt2, debug -> CheckCellDebug ][] 
 []

[11]
Overfull \hbox (13.766pt too wide) in paragraph at lines 345--345
 []       \OT1/cmtt/m/n/10.95 :> semanticFunc[ use , {id, domExtension, paramAs
sign, expList, idList},[] 
 []

[12]
File: CheckCell.sem  (verbatim)
 [13]
Overfull \hbox (31.01207pt too wide) in paragraph at lines 350--350
 []\OT1/cmtt/m/n/10.95 semanticFunc[ system , param:_, input:_, output:_, local
:_, eq:_, opts:___Rule] :=[] 
 []


Overfull \hbox (36.76076pt too wide) in paragraph at lines 350--350
 []  \OT1/cmtt/m/n/10.95 If[dim >= 1, error = False, If[dbg,Message[checkCell::
paramerror]];error = True];[] 
 []


Overfull \hbox (105.74501pt too wide) in paragraph at lines 350--350
 []\OT1/cmtt/m/n/10.95 checkCell::assignment = "Error in equation\n `1`\n(check
 dimensions of variable or constant).";[] 
 []

[14]
Overfull \hbox (25.26338pt too wide) in paragraph at lines 350--350
 []    \OT1/cmtt/m/n/10.95 !rhs&&dbg, Message[ checkCell::assignment, show[ eq,
 silent->True ] ]; False,[] 
 []


Overfull \hbox (94.24763pt too wide) in paragraph at lines 350--350
 []\OT1/cmtt/m/n/10.95 checkCell::decldim = "In :\n `1`\nthe dimension should b
e one plus the number of parameters";[] 
 []


Overfull \hbox (8.01732pt too wide) in paragraph at lines 350--350
 []\OT1/cmtt/m/n/10.95 checkCell::case = "In a case expression, the number of b
ranches should be 2.";[] 
 []

[15]
Overfull \hbox (25.26338pt too wide) in paragraph at lines 350--350
 []  \OT1/cmtt/m/n/10.95 (* It is useless to check the dimension of the domain,
 it is done by analyze *)[] 
 []

[16]
Overfull \hbox (128.73976pt too wide) in paragraph at lines 350--350
 []      \OT1/cmtt/m/n/10.95 Message[checkCell::controlexpression1,show[affine[
expression,affineFunction],silent->True]]];[] 
 []


Overfull \hbox (122.99107pt too wide) in paragraph at lines 350--350
 []      \OT1/cmtt/m/n/10.95 Message[checkCell::controlexpression2,show[affine[
expression,affineFunction]silent->True]]];[] 
 []


Overfull \hbox (71.25288pt too wide) in paragraph at lines 350--350
 []    \OT1/cmtt/m/n/10.95 Head[v] === const, True,  (* We do not need to check
 the affine part, as this is done[] 
 []

[17] [18] (./docMeta.aux)

LaTeX Warning: There were undefined references.

 ) 
Here is how much of TeX's memory you used:
 1259 strings out of 94412
 16848 string characters out of 1172318
 2063222 words of memory out of 4514786
 4483 multiletter control sequences out of 10000+50000
 10569 words of font info for 38 fonts, out of 2000000 for 2000
 582 hyphenation exceptions out of 5000
 32i,8n,21p,216b,270s stack positions out of 5000i,500n,6000p,200000b,40000s
PDF statistics:
 93 PDF objects out of 300000
 0 named destinations out of 131072
 1 words of extra memory for PDF output out of 10000
</usr/local/teTeX/share/texmf.tetex/fonts/type1/bluesky/cm/cmsy10.pfb></usr/l
ocal/teTeX/share/texmf.tetex/fonts/type1/bluesky/cm/cmtt12.pfb></usr/local/teTe
X/share/texmf.tetex/fonts/type1/bluesky/cm/cmti10.pfb></usr/local/teTeX/share/t
exmf.tetex/fonts/type1/bluesky/cm/cmr7.pfb></usr/local/teTeX/share/texmf.tetex/
fonts/type1/bluesky/cm/cmr8.pfb></usr/local/teTeX/share/texmf.tetex/fonts/type1
/bluesky/cm/cmbx12.pfb></usr/local/teTeX/share/texmf.tetex/fonts/type1/bluesky/
cm/cmcsc10.pfb></usr/local/teTeX/share/texmf.tetex/fonts/type1/bluesky/cm/cmtt1
0.pfb></usr/local/teTeX/share/texmf.tetex/fonts/type1/bluesky/cm/cmr10.pfb></us
r/local/teTeX/share/texmf.tetex/fonts/type1/bluesky/cm/cmbx10.pfb></usr/local/t
eTeX/share/texmf.tetex/fonts/type1/bluesky/cm/cmr12.pfb></usr/local/teTeX/share
/texmf.tetex/fonts/type1/bluesky/cm/cmr17.pfb>
Output written on docMeta.pdf (18 pages, 104338 bytes).
