This is pdfeTeX, Version 3.141592-1.30.4-2.2 (Web2C 7.5.5) (format=pdflatex 2006.12.26)  6 JAN 2007 16:11
entering extended mode
\write18 enabled.
**Technical-Manual.tex
(./Technical-Manual.tex
LaTeX2e <2005/12/01>
Babel <v3.8d> and hyphenation patterns for american, french, german, ngerman, b
ahasa, basque, bulgarian, catalan, croatian, czech, danish, dutch, esperanto, e
stonian, finnish, greek, icelandic, irish, italian, latin, magyar, norsk, polis
h, portuges, romanian, russian, serbian, slovak, slovene, spanish, swedish, tur
kish, ukrainian, nohyphenation, loaded.
(/usr/local/teTeX/share/texmf.local/tex/latex/base/article.cls
Document Class: article 2005/09/16 v1.4f Standard LaTeX document class
(/usr/local/teTeX/share/texmf.local/tex/latex/base/size11.clo
File: size11.clo 2005/09/16 v1.4f Standard LaTeX file (size option)
)
\c@part=\count79
\c@section=\count80
\c@subsection=\count81
\c@subsubsection=\count82
\c@paragraph=\count83
\c@subparagraph=\count84
\c@figure=\count85
\c@table=\count86
\abovecaptionskip=\skip41
\belowcaptionskip=\skip42
\bibindent=\dimen102
)
(./Technical-Manual.aux)
\openout1 = `Technical-Manual.aux'.

LaTeX Font Info:    Checking defaults for OML/cmm/m/it on input line 2.
LaTeX Font Info:    ... okay on input line 2.
LaTeX Font Info:    Checking defaults for T1/cmr/m/n on input line 2.
LaTeX Font Info:    ... okay on input line 2.
LaTeX Font Info:    Checking defaults for OT1/cmr/m/n on input line 2.
LaTeX Font Info:    ... okay on input line 2.
LaTeX Font Info:    Checking defaults for OMS/cmsy/m/n on input line 2.
LaTeX Font Info:    ... okay on input line 2.
LaTeX Font Info:    Checking defaults for OMX/cmex/m/n on input line 2.
LaTeX Font Info:    ... okay on input line 2.
LaTeX Font Info:    Checking defaults for U/cmr/m/n on input line 2.
LaTeX Font Info:    ... okay on input line 2.
LaTeX Font Info:    External font `cmex10' loaded for size
(Font)              <17.28> on input line 10.
LaTeX Font Info:    External font `cmex10' loaded for size
(Font)              <12> on input line 10.
LaTeX Font Info:    External font `cmex10' loaded for size
(Font)              <8> on input line 10.
LaTeX Font Info:    External font `cmex10' loaded for size
(Font)              <6> on input line 10.
LaTeX Font Info:    External font `cmex10' loaded for size
(Font)              <9> on input line 10.
LaTeX Font Info:    External font `cmex10' loaded for size
(Font)              <5> on input line 10.

Overfull \hbox (0.60596pt too wide) in paragraph at lines 52--55
[]\OT1/cmr/m/n/10.95 The main di-rec-tory also con-tains a file \OT1/cmtt/m/n/1
0.95 CopyMMA.m\OT1/cmr/m/n/10.95 . This is a \OT1/cmtt/m/n/10.95 Mathematica
 []

[1

{/usr/local/teTeX/share/texmf.local/fonts/map/pdftex/updmap/pdftex.map}]
LaTeX Font Info:    Font shape `OT1/cmtt/bx/n' in size <14.4> not available
(Font)              Font shape `OT1/cmtt/m/n' tried instead on input line 56.

[2]
LaTeX Font Info:    Font shape `OT1/cmtt/bx/n' in size <10.95> not available
(Font)              Font shape `OT1/cmtt/m/n' tried instead on input line 132.
LaTeX Font Info:    Try loading font information for OMS+cmr on input line 164.

 (/usr/local/teTeX/share/texmf.local/tex/latex/base/omscmr.fd
File: omscmr.fd 1999/05/25 v2.5h Standard LaTeX font definitions
)
LaTeX Font Info:    Font shape `OMS/cmr/m/n' in size <10.95> not available
(Font)              Font shape `OMS/cmsy/m/n' tried instead on input line 164.
 [3]
Overfull \hbox (1.95758pt too wide) in paragraph at lines 195--200
[]\OT1/cmtt/m/n/10.95 POLYINCLUDE\OT1/cmr/m/n/10.95 : the di-rec-tory where the
 in-clude files for the \OT1/cmtt/m/n/10.95 Polylib
 []


Overfull \hbox (7.64291pt too wide) in paragraph at lines 212--212
 []\OT1/cmtt/m/n/10.95 ./configure.in --prefix="$MMALPHA/sources/Poly/$OSTYPE"[
] 
 []

[4] [5] (./Technical-Manual.aux) ) 
Here is how much of TeX's memory you used:
 313 strings out of 94412
 3494 string characters out of 1172318
 2048436 words of memory out of 4500000
 3601 multiletter control sequences out of 10000+50000
 10485 words of font info for 38 fonts, out of 2000000 for 2000
 582 hyphenation exceptions out of 5000
 29i,6n,20p,186b,364s stack positions out of 5000i,500n,6000p,200000b,40000s
PDF statistics:
 46 PDF objects out of 300000
 0 named destinations out of 131072
 1 words of extra memory for PDF output out of 10000
</usr/local/teTeX/share/texmf.tetex/fonts/typ
e1/bluesky/cm/cmbx10.pfb></usr/local/teTeX/share/texmf.tetex/fonts/type1/bluesk
y/cm/cmr9.pfb></usr/local/teTeX/share/texmf.tetex/fonts/type1/bluesky/cm/cmsy6.
pfb></usr/local/teTeX/share/texmf.tetex/fonts/type1/bluesky/cm/cmtt10.pfb></usr
/local/teTeX/share/texmf.tetex/fonts/type1/bluesky/cm/cmr10.pfb></usr/local/teT
eX/share/texmf.tetex/fonts/type1/bluesky/cm/cmbx12.pfb></usr/local/teTeX/share/
texmf.tetex/fonts/type1/bluesky/cm/cmr12.pfb></usr/local/teTeX/share/texmf.tete
x/fonts/type1/bluesky/cm/cmsy10.pfb></usr/local/teTeX/share/texmf.tetex/fonts/t
ype1/bluesky/cm/cmtt12.pfb></usr/local/teTeX/share/texmf.tetex/fonts/type1/blue
sky/cm/cmr17.pfb>
Output written on Technical-Manual.pdf (5 pages, 72335 bytes).
