This is pdfeTeX, Version 3.141592-1.30.4-2.2 (Web2C 7.5.5) (format=pdflatex 2006.5.10)  30 MAY 2006 16:06
entering extended mode
\write18 enabled.
**alpha0V2.tex
(./alpha0V2.tex
LaTeX2e <2005/12/01>
Babel <v3.8d> and hyphenation patterns for american, french, german, ngerman, d
utch, italian, norsk, portuges, spanish, swedish, nohyphenation, loaded.
(/usr/local/teTeX/share/texmf.local/tex/latex/base/article.cls
Document Class: article 2005/09/16 v1.4f Standard LaTeX document class
(/usr/local/teTeX/share/texmf.local/tex/latex/base/size11.clo
File: size11.clo 2005/09/16 v1.4f Standard LaTeX file (size option)
)
\c@part=\count79
\c@section=\count80
\c@subsection=\count81
\c@subsubsection=\count82
\c@paragraph=\count83
\c@subparagraph=\count84
\c@figure=\count85
\c@table=\count86
\abovecaptionskip=\skip41
\belowcaptionskip=\skip42
\bibindent=\dimen102
)
(/usr/local/teTeX/share/texmf.tetex/tex/latex/eepic/epic.sty
Enhancements to Picture Environment. Version 1.2 - Released June 1, 1986
\@@multicnt=\count87
\d@lta=\count88
\@delta=\dimen103
\@@delta=\dimen104
\@gridcnt=\count89
\@joinkind=\count90
\@dotgap=\dimen105
\@ddotgap=\dimen106
\@x@diff=\count91
\@y@diff=\count92
\x@diff=\dimen107
\y@diff=\dimen108
\@dotbox=\box26
\num@segments=\count93
\num@segmentsi=\count94
\@datafile=\read1
) (/usr/local/teTeX/share/texmf.tetex/tex/latex/eepic/eepic.sty
Extension to Epic and LaTeX. Version 1.1e - Released Dec 21, 1999
\@gphlinewidth=\count95
\@eepictcnt=\count96
\@tempdimc=\dimen109
\maxovaldiam=\dimen110
\@filltype=\box27
)
\c@definition=\count97

No file alpha0V2.aux.
\openout1 = `alpha0V2.aux'.

LaTeX Font Info:    Checking defaults for OML/cmm/m/it on input line 15.
LaTeX Font Info:    ... okay on input line 15.
LaTeX Font Info:    Checking defaults for T1/cmr/m/n on input line 15.
LaTeX Font Info:    ... okay on input line 15.
LaTeX Font Info:    Checking defaults for OT1/cmr/m/n on input line 15.
LaTeX Font Info:    ... okay on input line 15.
LaTeX Font Info:    Checking defaults for OMS/cmsy/m/n on input line 15.
LaTeX Font Info:    ... okay on input line 15.
LaTeX Font Info:    Checking defaults for OMX/cmex/m/n on input line 15.
LaTeX Font Info:    ... okay on input line 15.
LaTeX Font Info:    Checking defaults for U/cmr/m/n on input line 15.
LaTeX Font Info:    ... okay on input line 15.
LaTeX Font Info:    External font `cmex10' loaded for size
(Font)              <12> on input line 20.
LaTeX Font Info:    External font `cmex10' loaded for size
(Font)              <8> on input line 20.
LaTeX Font Info:    External font `cmex10' loaded for size
(Font)              <6> on input line 20.

LaTeX Warning: Citation `dezan' on page 1 undefined on input line 24.


LaTeX Warning: Citation `DupontQuRi95' on page 1 undefined on input line 29.


LaTeX Warning: Citation `Patricia96' on page 1 undefined on input line 30.

LaTeX Font Info:    External font `cmex10' loaded for size
(Font)              <10.95> on input line 37.
LaTeX Font Info:    External font `cmex10' loaded for size
(Font)              <9> on input line 38.
LaTeX Font Info:    External font `cmex10' loaded for size
(Font)              <5> on input line 38.

LaTeX Warning: Citation `dezan' on page 1 undefined on input line 43.


LaTeX Warning: Citation `dezan' on page 1 undefined on input line 50.

[1

{/usr/local/teTeX/share/texmf.local/fonts/map/pdftex/updmap/pdftex.map}]
LaTeX Font Info:    Try loading font information for OMS+cmr on input line 60.

(/usr/local/teTeX/share/texmf.local/tex/latex/base/omscmr.fd
File: omscmr.fd 1999/05/25 v2.5h Standard LaTeX font definitions
)
LaTeX Font Info:    Font shape `OMS/cmr/m/n' in size <10.95> not available
(Font)              Font shape `OMS/cmsy/m/n' tried instead on input line 60.


LaTeX Warning: Citation `dezan' on page 2 undefined on input line 102.

[2]
Overfull \hbox (1.25816pt too wide) in paragraph at lines 130--134
\OT1/cmr/m/n/10.95 ited to an affine func-tion ap-plied to a vari-able (\OT1/cm
tt/m/n/10.95 A[t,p]=a[f(t,p)]
 []

No file alpha0V2.bbl.
[3] (./alpha0V2.aux)

LaTeX Warning: There were undefined references.

 ) 
Here is how much of TeX's memory you used:
 424 strings out of 95125
 4846 string characters out of 1182969
 2049873 words of memory out of 4504626
 3642 multiletter control sequences out of 10000+50000
 10538 words of font info for 37 fonts, out of 2000000 for 2000
 58 hyphenation exceptions out of 5000
 24i,8n,21p,158b,231s stack positions out of 5000i,500n,6000p,200000b,40000s
PDF statistics:
 49 PDF objects out of 300000
 0 named destinations out of 131072
 1 words of extra memory for PDF output out of 10000
</usr/local/teTeX/share/texmf.tetex/fonts/type1/bluesky/cm/cmtt10.pfb></usr/l
ocal/teTeX/share/texmf.tetex/fonts/type1/bluesky/cm/cmmi10.pfb></usr/local/teTe
X/share/texmf.tetex/fonts/type1/bluesky/cm/cmsy10.pfb></usr/local/teTeX/share/t
exmf.tetex/fonts/type1/bluesky/cm/cmti10.pfb></usr/local/teTeX/share/texmf.tete
x/fonts/type1/bluesky/cm/cmr9.pfb></usr/local/teTeX/share/texmf.tetex/fonts/typ
e1/bluesky/cm/cmr6.pfb></usr/local/teTeX/share/texmf.tetex/fonts/type1/bluesky/
cm/cmr8.pfb></usr/local/teTeX/share/texmf.tetex/fonts/type1/bluesky/cm/cmcsc10.
pfb></usr/local/teTeX/share/texmf.tetex/fonts/type1/bluesky/cm/cmbx10.pfb></usr
/local/teTeX/share/texmf.tetex/fonts/type1/bluesky/cm/cmr10.pfb></usr/local/teT
eX/share/texmf.tetex/fonts/type1/bluesky/cm/cmbx12.pfb></usr/local/teTeX/share/
texmf.tetex/fonts/type1/bluesky/cm/cmr12.pfb></usr/local/teTeX/share/texmf.tete
x/fonts/type1/bluesky/cm/cmr17.pfb>
Output written on alpha0V2.pdf (3 pages, 71693 bytes).
