This is pdfTeXk, Version 3.1415926-1.40.9 (Web2C 7.5.7) (format=pdflatex 2009.7.19)  4 APR 2010 20:21
entering extended mode
\write18 enabled.
 %&-line parsing enabled.
**compiling.tex
(./compiling.tex
LaTeX2e <2005/12/01>
Babel <v3.8l> and hyphenation patterns for english, usenglishmax, dumylang, noh
yphenation, german-x-2008-06-18, ngerman-x-2008-06-18, ancientgreek, ibycus, ar
abic, basque, bulgarian, catalan, pinyin, coptic, croatian, czech, danish, dutc
h, esperanto, estonian, farsi, finnish, french, galician, german, ngerman, mono
greek, greek, hungarian, icelandic, indonesian, interlingua, irish, italian, la
tin, lithuanian, mongolian, mongolian2a, bokmal, nynorsk, polish, portuguese, r
omanian, russian, sanskrit, serbian, slovak, slovenian, spanish, swedish, turki
sh, ukenglish, ukrainian, uppersorbian, welsh, loaded.
(/usr/local/texlive/2008/texmf-dist/tex/latex/base/article.cls
Document Class: article 2005/09/16 v1.4f Standard LaTeX document class
(/usr/local/texlive/2008/texmf-dist/tex/latex/base/size12.clo
File: size12.clo 2005/09/16 v1.4f Standard LaTeX file (size option)
)
\c@part=\count79
\c@section=\count80
\c@subsection=\count81
\c@subsubsection=\count82
\c@paragraph=\count83
\c@subparagraph=\count84
\c@figure=\count85
\c@table=\count86
\abovecaptionskip=\skip41
\belowcaptionskip=\skip42
\bibindent=\dimen102
)
(/usr/local/texlive/2008/texmf-dist/tex/latex/preprint/fullpage.sty
Package: fullpage 1999/02/23 1.1 (PWD)
\FP@margin=\skip43
)
(/usr/local/texlive/2008/texmf-dist/tex/latex/eepic/epic.sty
Enhancements to Picture Environment. Version 1.2 - Released June 1, 1986
\@@multicnt=\count87
\d@lta=\count88
\@delta=\dimen103
\@@delta=\dimen104
\@gridcnt=\count89
\@joinkind=\count90
\@dotgap=\dimen105
\@ddotgap=\dimen106
\@x@diff=\count91
\@y@diff=\count92
\x@diff=\dimen107
\y@diff=\dimen108
\@dotbox=\box26
\num@segments=\count93
\num@segmentsi=\count94
\@datafile=\read1
) (/usr/local/texlive/2008/texmf-dist/tex/latex/eepic/eepic.sty
Extension to Epic and LaTeX. Version 1.1e - Released Dec 21, 1999
\@gphlinewidth=\count95
\@eepictcnt=\count96
\@tempdimc=\dimen109
\maxovaldiam=\dimen110
\@filltype=\box27
) (/usr/local/texlive/2008/texmf-dist/tex/latex/graphics/epsfig.sty
Package: epsfig 1999/02/16 v1.7a (e)psfig emulation (SPQR)

(/usr/local/texlive/2008/texmf-dist/tex/latex/graphics/graphicx.sty
Package: graphicx 1999/02/16 v1.0f Enhanced LaTeX Graphics (DPC,SPQR)

(/usr/local/texlive/2008/texmf-dist/tex/latex/graphics/keyval.sty
Package: keyval 1999/03/16 v1.13 key=value parser (DPC)
\KV@toks@=\toks14
)
(/usr/local/texlive/2008/texmf-dist/tex/latex/graphics/graphics.sty
Package: graphics 2006/02/20 v1.0o Standard LaTeX Graphics (DPC,SPQR)

(/usr/local/texlive/2008/texmf-dist/tex/latex/graphics/trig.sty
Package: trig 1999/03/16 v1.09 sin cos tan (DPC)
)
(/usr/local/texlive/2008/texmf/tex/latex/config/graphics.cfg
File: graphics.cfg 2007/01/18 v1.5 graphics configuration of teTeX/TeXLive
)
Package graphics Info: Driver file: pdftex.def on input line 90.

(/usr/local/texlive/2008/texmf-dist/tex/latex/pdftex-def/pdftex.def
File: pdftex.def 2008/09/08 v0.04l Graphics/color for pdfTeX
\Gread@gobject=\count97
))
\Gin@req@height=\dimen111
\Gin@req@width=\dimen112
)
\epsfxsize=\dimen113
\epsfysize=\dimen114
)
(/usr/local/texlive/2008/texmf-dist/tex/latex/base/makeidx.sty
Package: makeidx 2000/03/29 v1.0m Standard LaTeX package
)
(/usr/local/texlive/2008/texmf-dist/tex/latex/graphics/color.sty
Package: color 2005/11/14 v1.0j Standard LaTeX Color (DPC)

(/usr/local/texlive/2008/texmf/tex/latex/config/color.cfg
File: color.cfg 2007/01/18 v1.5 color configuration of teTeX/TeXLive
)
Package color Info: Driver file: pdftex.def on input line 130.
)
(/usr/local/texlive/2008/texmf-dist/tex/latex/moreverb/moreverb.sty
Package: moreverb 2008/06/03 v2.3 `more' verbatim facilities

(/usr/local/texlive/2008/texmf-dist/tex/latex/tools/verbatim.sty
Package: verbatim 2003/08/22 v1.5q LaTeX2e package for verbatim enhancements
\every@verbatim=\toks15
\verbatim@line=\toks16
\verbatim@in@stream=\read2
)
\verbatim@out=\write3
\tab@position=\count98
\tab@size=\count99
\listing@line=\count100
)
(/usr/local/texlive/2008/texmf-dist/tex/latex/ltxmisc/boxedminipage.sty)
(/usr/local/texlive/2008/texmf-dist/tex/latex/ltxmisc/version.sty)
\c@Nex=\count101
\c@ex=\count102
\@indexfile=\write4
\openout4 = `compiling.idx'.


Writing index file compiling.idx
(./compiling.aux)
\openout1 = `compiling.aux'.

LaTeX Font Info:    Checking defaults for OML/cmm/m/it on input line 93.
LaTeX Font Info:    ... okay on input line 93.
LaTeX Font Info:    Checking defaults for T1/cmr/m/n on input line 93.
LaTeX Font Info:    ... okay on input line 93.
LaTeX Font Info:    Checking defaults for OT1/cmr/m/n on input line 93.
LaTeX Font Info:    ... okay on input line 93.
LaTeX Font Info:    Checking defaults for OMS/cmsy/m/n on input line 93.
LaTeX Font Info:    ... okay on input line 93.
LaTeX Font Info:    Checking defaults for OMX/cmex/m/n on input line 93.
LaTeX Font Info:    ... okay on input line 93.
LaTeX Font Info:    Checking defaults for U/cmr/m/n on input line 93.
LaTeX Font Info:    ... okay on input line 93.

(/usr/local/texlive/2008/texmf-dist/tex/context/base/supp-pdf.tex
[Loading MPS to PDF converter (version 2006.09.02).]
\scratchcounter=\count103
\scratchdimen=\dimen115
\scratchbox=\box28
\nofMPsegments=\count104
\nofMParguments=\count105
\everyMPshowfont=\toks17
\MPscratchCnt=\count106
\MPscratchDim=\dimen116
\MPnumerator=\count107
\everyMPtoPDFconversion=\toks18
)
LaTeX Font Info:    External font `cmex10' loaded for size
(Font)              <14.4> on input line 103.
LaTeX Font Info:    External font `cmex10' loaded for size
(Font)              <7> on input line 103.
LaTeX Font Info:    External font `cmex10' loaded for size
(Font)              <5> on input line 103.
LaTeX Font Info:    External font `cmex10' loaded for size
(Font)              <12> on input line 129.
LaTeX Font Info:    External font `cmex10' loaded for size
(Font)              <8> on input line 129.
LaTeX Font Info:    External font `cmex10' loaded for size
(Font)              <6> on input line 129.
 [1

{/usr/local/texlive/2008/texmf-var/fonts/map/pdftex/updmap/pdftex.map}]
[2] [3]
LaTeX Font Info:    Try loading font information for OMS+cmr on input line 261.

 (/usr/local/texlive/2008/texmf-dist/tex/latex/base/omscmr.fd
File: omscmr.fd 1999/05/25 v2.5h Standard LaTeX font definitions
)
LaTeX Font Info:    Font shape `OMS/cmr/m/n' in size <12> not available
(Font)              Font shape `OMS/cmsy/m/n' tried instead on input line 261.

Underfull \hbox (badness 10000) in paragraph at lines 275--279
[]\OT1/cmr/m/n/12 Check that there ex-ist a file \OT1/cmtt/m/n/12 Makefile.$OST
YPE \OT1/cmr/m/n/12 in the di-rec-tory
 []


Underfull \hbox (badness 1400) in paragraph at lines 285--292
[]\OT1/cmr/m/n/12 Check that there ex-ist a file \OT1/cmtt/m/n/12 Makefile.$OST
YPE.MMAVERSION \OT1/cmr/m/n/12 in the di-rec-tory
 []

[4]
LaTeX Font Info:    Font shape `OT1/cmtt/bx/n' in size <14.4> not available
(Font)              Font shape `OT1/cmtt/m/n' tried instead on input line 318.
 [5]
Underfull \hbox (badness 7777) in paragraph at lines 376--380
[]\OT1/cmr/m/n/12 After in-clud-ing, \OT1/cmtt/m/n/12 Makefile \OT1/cmr/m/n/12 
in-cludes also \OT1/cmtt/m/n/12 Makefile.rules \OT1/cmr/m/n/12 also lo-cated in

 []


Underfull \hbox (badness 1635) in paragraph at lines 376--380
\OT1/cmtt/m/n/12 sources/MakeIncludes\OT1/cmr/m/n/12 , which con-tains rules. \
OT1/cmtt/m/n/12 Makefile.OSTYPE \OT1/cmr/m/n/12 in di-rec-tory
 []


Underfull \hbox (badness 1442) in paragraph at lines 386--414
\OT1/cmtt/m/n/12 BINDIR\OT1/cmr/m/n/12 , \OT1/cmtt/m/n/12 LIBDIR\OT1/cmr/m/n/12
 , \OT1/cmtt/m/n/12 OBJDIR\OT1/cmr/m/n/12 , \OT1/cmtt/m/n/12 NEEDBINDIR\OT1/cmr
/m/n/12 , \OT1/cmtt/m/n/12 NEEDLIBDIR\OT1/cmr/m/n/12 , \OT1/cmtt/m/n/12 NEEDOBJ
DIR\OT1/cmr/m/n/12 , \OT1/cmtt/m/n/12 SOURCES\OT1/cmr/m/n/12 , \OT1/cmtt/m/n/12
 POLYDIR\OT1/cmr/m/n/12 ,
 []

[6]
Underfull \hbox (badness 10000) in paragraph at lines 425--427
 \OT1/cmr/bx/n/12 Notes: \OT1/cmr/m/n/12 the Math-link stuff is ac-tu-ally copi
ed in the sub-di-rec-tory $MMAL-
 []


Underfull \hbox (badness 2310) in paragraph at lines 429--433
\OT1/cmr/m/n/12 Defines DE-FINES, LD, PRE-CI-SION-FLAG, LD-FLAGS, MATH-LINK, OM
EGADIR,
 []


Underfull \hbox (badness 10000) in paragraph at lines 447--449
[]\OT1/cmr/m/n/12 MATHLINK, OMEGADIR, MATH-PREP, MATH-PREP-COR, MATH-IN-CLUDE,
 []


Underfull \hbox (badness 10000) in paragraph at lines 472--474
[]\OT1/cmr/m/n/12 MATHLINK, OMEGADIR, MATH-PREP, MATH-PREP-COR, MATH-IN-CLUDE,
 []

[7]
Underfull \hbox (badness 10000) in paragraph at lines 483--485
\OT1/cmr/m/n/12 In Make-file.config, there is an in-clu-sion of the def-i-ni-ti
ons in MakeIn-
 []

[8] [9] [10]
LaTeX Font Info:    Font shape `OT1/cmtt/bx/n' in size <17.28> not available
(Font)              Font shape `OT1/cmtt/m/n' tried instead on input line 615.

Underfull \hbox (badness 10000) in paragraph at lines 619--621
[]\OT1/cmr/m/n/12 For each OS, there is a \OT1/cmtt/m/n/12 Makefile.OSTYPE\OT1/
cmr/m/n/12 . This Make-file calls first
 []


Underfull \hbox (badness 10000) in paragraph at lines 632--634
 \OT1/cmr/bx/n/12 Notes: \OT1/cmr/m/n/12 the Math-link stuff is ac-tu-ally copi
ed in the sub-di-rec-tory $MMAL-
 []

LaTeX Font Info:    Font shape `OT1/cmtt/bx/n' in size <12> not available
(Font)              Font shape `OT1/cmtt/m/n' tried instead on input line 645.
[11]
Underfull \hbox (badness 10000) in paragraph at lines 704--706
\OT1/cmr/m/n/12 In Make-file.config, there is an in-clu-sion of the def-i-ni-ti
ons in MakeIn-
 []

[12] [13]
Underfull \hbox (badness 5696) in paragraph at lines 751--753
[]\OT1/cmr/m/n/12 : in Make-file.config. $(\OML/cmm/m/it/12 PRETTYDIR\OT1/cmr/m
/n/12 )\OML/cmm/m/it/12 =$\OT1/cmr/m/n/12 (OBJDIR)//itemprocs.o and
 []

[14]
Missing character: There is no   in font cmr12!
 [15]
Missing character: There is no   in font cmr12!
 [16]
Overfull \hbox (18.07022pt too wide) in paragraph at lines 857--857
[]\OT1/cmtt/m/n/12 /Applications/Mathematica 5.0.app/AddOns/Mathlink/DeveloperK
it/Darwin-PowerPC64[] 
 []


Underfull \hbox (badness 10000) in paragraph at lines 874--877
[]\OT1/cmr/m/n/12 Variable \OT1/cmtt/m/n/12 INCDIR \OT1/cmr/m/n/12 is set to CA
DDS-DIR. Vari-able \OT1/cmtt/m/n/12 INCPOLYDIR \OT1/cmr/m/n/12 is set to
 []

Missing character: There is no   in font cmr12!
[17] [18]

LaTeX Warning: Reference `doc-config-make' on page 19 undefined on input line 1
011.

[19]
No file compiling.ind.
[20] (./compiling.toc [21])
\tf@toc=\write5
\openout5 = `compiling.toc'.

 [22] (./compiling.aux)

LaTeX Warning: There were undefined references.

 )
(\end occurred inside a group at level 4)

### simple group (level 4) entered at line 221 ({)
### simple group (level 3) entered at line 214 ({)
### simple group (level 2) entered at line 206 ({)
### simple group (level 1) entered at line 200 ({)
### bottom level 
Here is how much of TeX's memory you used:
 1380 strings out of 493876
 17990 string characters out of 1150568
 72200 words of memory out of 3000000
 4656 multiletter control sequences out of 10000+50000
 12111 words of font info for 44 fonts, out of 3000000 for 5000
 714 hyphenation exceptions out of 8191
 32i,11n,21p,209b,382s stack positions out of 5000i,500n,10000p,200000b,50000s
</usr/local/texlive/2008/texmf-dist/fonts/type1/bluesky/cm/cmbx
10.pfb></usr/local/texlive/2008/texmf-dist/fonts/type1/bluesky/cm/cmbx12.pfb></
usr/local/texlive/2008/texmf-dist/fonts/type1/bluesky/cm/cmcsc10.pfb></usr/loca
l/texlive/2008/texmf-dist/fonts/type1/bluesky/cm/cmmi12.pfb></usr/local/texlive
/2008/texmf-dist/fonts/type1/bluesky/cm/cmr10.pfb></usr/local/texlive/2008/texm
f-dist/fonts/type1/bluesky/cm/cmr12.pfb></usr/local/texlive/2008/texmf-dist/fon
ts/type1/bluesky/cm/cmr17.pfb></usr/local/texlive/2008/texmf-dist/fonts/type1/b
luesky/cm/cmr7.pfb></usr/local/texlive/2008/texmf-dist/fonts/type1/bluesky/cm/c
mr8.pfb></usr/local/texlive/2008/texmf-dist/fonts/type1/bluesky/cm/cmsy10.pfb><
/usr/local/texlive/2008/texmf-dist/fonts/type1/bluesky/cm/cmsy7.pfb></usr/local
/texlive/2008/texmf-dist/fonts/type1/bluesky/cm/cmti12.pfb></usr/local/texlive/
2008/texmf-dist/fonts/type1/bluesky/cm/cmtt10.pfb></usr/local/texlive/2008/texm
f-dist/fonts/type1/bluesky/cm/cmtt12.pfb>
Output written on compiling.pdf (22 pages, 148828 bytes).
PDF statistics:
 129 PDF objects out of 1000 (max. 8388607)
 0 named destinations out of 1000 (max. 131072)
 1 words of extra memory for PDF output out of 10000 (max. 10000000)

