This is pdfeTeX, Version 3.141592-1.30.4-2.2 (Web2C 7.5.5) (format=pdflatex 2006.12.26)  2 JAN 2009 15:29
entering extended mode
\write18 enabled.
**AlphaStart.tex
(./AlphaStart.tex
LaTeX2e <2005/12/01>
Babel <v3.8d> and hyphenation patterns for american, french, german, ngerman, b
ahasa, basque, bulgarian, catalan, croatian, czech, danish, dutch, esperanto, e
stonian, finnish, greek, icelandic, irish, italian, latin, magyar, norsk, polis
h, portuges, romanian, russian, serbian, slovak, slovene, spanish, swedish, tur
kish, ukrainian, nohyphenation, loaded.
(/usr/local/teTeX/share/texmf.local/tex/latex/base/article.cls
Document Class: article 2005/09/16 v1.4f Standard LaTeX document class
(/usr/local/teTeX/share/texmf.local/tex/latex/base/size12.clo
File: size12.clo 2005/09/16 v1.4f Standard LaTeX file (size option)
)
\c@part=\count79
\c@section=\count80
\c@subsection=\count81
\c@subsubsection=\count82
\c@paragraph=\count83
\c@subparagraph=\count84
\c@figure=\count85
\c@table=\count86
\abovecaptionskip=\skip41
\belowcaptionskip=\skip42
\bibindent=\dimen102
)
(/usr/local/teTeX/share/texmf.tetex/tex/latex/preprint/fullpage.sty
Package: fullpage 1999/02/23 1.1 (PWD)
\FP@margin=\skip43
)
(/usr/local/teTeX/share/texmf.tetex/tex/latex/eepic/epic.sty
Enhancements to Picture Environment. Version 1.2 - Released June 1, 1986
\@@multicnt=\count87
\d@lta=\count88
\@delta=\dimen103
\@@delta=\dimen104
\@gridcnt=\count89
\@joinkind=\count90
\@dotgap=\dimen105
\@ddotgap=\dimen106
\@x@diff=\count91
\@y@diff=\count92
\x@diff=\dimen107
\y@diff=\dimen108
\@dotbox=\box26
\num@segments=\count93
\num@segmentsi=\count94
\@datafile=\read1
) (/usr/local/teTeX/share/texmf.tetex/tex/latex/eepic/eepic.sty
Extension to Epic and LaTeX. Version 1.1e - Released Dec 21, 1999
\@gphlinewidth=\count95
\@eepictcnt=\count96
\@tempdimc=\dimen109
\maxovaldiam=\dimen110
\@filltype=\box27
) (/usr/local/teTeX/share/texmf.local/tex/latex/graphics/epsfig.sty
Package: epsfig 1999/02/16 v1.7a (e)psfig emulation (SPQR)

(/usr/local/teTeX/share/texmf.local/tex/latex/graphics/graphicx.sty
Package: graphicx 1999/02/16 v1.0f Enhanced LaTeX Graphics (DPC,SPQR)

(/usr/local/teTeX/share/texmf.local/tex/latex/graphics/keyval.sty
Package: keyval 1999/03/16 v1.13 key=value parser (DPC)
\KV@toks@=\toks14
)
(/usr/local/teTeX/share/texmf.local/tex/latex/graphics/graphics.sty
Package: graphics 2006/02/20 v1.0o Standard LaTeX Graphics (DPC,SPQR)

(/usr/local/teTeX/share/texmf.local/tex/latex/graphics/trig.sty
Package: trig 1999/03/16 v1.09 sin cos tan (DPC)
)
(/usr/local/teTeX/share/texmf.tetex/tex/latex/graphics/graphics.cfg
File: graphics.cfg 2005/02/03 v1.3 graphics configuration of teTeX/TeXLive
)
Package graphics Info: Driver file: pdftex.def on input line 90.

(/usr/local/teTeX/share/texmf.tetex/tex/latex/graphics/pdftex.def
File: pdftex.def 2002/06/19 v0.03k graphics/color for pdftex
\Gread@gobject=\count97
))
\Gin@req@height=\dimen111
\Gin@req@width=\dimen112
)
\epsfxsize=\dimen113
\epsfysize=\dimen114
)
(/usr/local/teTeX/share/texmf.local/tex/latex/base/makeidx.sty
Package: makeidx 2000/03/29 v1.0m Standard LaTeX package
)
(/usr/local/teTeX/share/texmf.local/tex/latex/graphics/color.sty
Package: color 2005/11/14 v1.0j Standard LaTeX Color (DPC)

(/usr/local/teTeX/share/texmf.tetex/tex/latex/graphics/color.cfg
File: color.cfg 2005/02/03 v1.3 color configuration of teTeX/TeXLive
)
Package color Info: Driver file: pdftex.def on input line 130.
)
(/usr/local/teTeX/share/texmf.tetex/tex/latex/moreverb/moreverb.sty
Package: moreverb 1997/12/07 v2.2d.2 `more' verbatim facilities

(/usr/local/teTeX/share/texmf.local/tex/latex/tools/verbatim.sty
Package: verbatim 2003/08/22 v1.5q LaTeX2e package for verbatim enhancements
\every@verbatim=\toks15
\verbatim@line=\toks16
\verbatim@in@stream=\read2
)
\verbatim@out=\write3
\tab@position=\count98
\tab@size=\count99
\listing@line=\count100
)
(/usr/local/teTeX/share/texmf.tetex/tex/latex/boxedminipage/boxedminipage.sty)
(/usr/local/teTeX/share/texmf.tetex/tex/latex/version/version.sty)
\c@Nex=\count101
\c@ex=\count102
\@indexfile=\write4
\openout4 = `AlphaStart.idx'.


Writing index file AlphaStart.idx
(./AlphaStart.aux

LaTeX Warning: Label `stepThree' multiply defined.

)
\openout1 = `AlphaStart.aux'.

LaTeX Font Info:    Checking defaults for OML/cmm/m/it on input line 99.
LaTeX Font Info:    ... okay on input line 99.
LaTeX Font Info:    Checking defaults for T1/cmr/m/n on input line 99.
LaTeX Font Info:    ... okay on input line 99.
LaTeX Font Info:    Checking defaults for OT1/cmr/m/n on input line 99.
LaTeX Font Info:    ... okay on input line 99.
LaTeX Font Info:    Checking defaults for OMS/cmsy/m/n on input line 99.
LaTeX Font Info:    ... okay on input line 99.
LaTeX Font Info:    Checking defaults for OMX/cmex/m/n on input line 99.
LaTeX Font Info:    ... okay on input line 99.
LaTeX Font Info:    Checking defaults for U/cmr/m/n on input line 99.
LaTeX Font Info:    ... okay on input line 99.
 (/usr/local/teTeX/share/texmf.local/tex/context/base/supp-pdf.tex
[Loading MPS to PDF converter (version 2006.09.02).]
\scratchcounter=\count103
\scratchdimen=\dimen115
\scratchbox=\box28
\nofMPsegments=\count104
\nofMParguments=\count105
\MPscratchCnt=\count106
\MPscratchDim=\dimen116
\MPnumerator=\count107
\everyMPtoPDFconversion=\toks17
)
LaTeX Font Info:    External font `cmex10' loaded for size
(Font)              <14.4> on input line 110.
LaTeX Font Info:    External font `cmex10' loaded for size
(Font)              <7> on input line 110.
LaTeX Font Info:    External font `cmex10' loaded for size
(Font)              <5> on input line 110.
LaTeX Font Info:    External font `cmex10' loaded for size
(Font)              <12> on input line 129.
LaTeX Font Info:    External font `cmex10' loaded for size
(Font)              <8> on input line 129.
LaTeX Font Info:    External font `cmex10' loaded for size
(Font)              <6> on input line 129.
 [1

{/usr/local/teTeX/share/texmf.local/fonts/map/pdftex/updmap/pdftex.map}]
LaTeX Font Info:    Try loading font information for OMS+cmr on input line 186.


(/usr/local/teTeX/share/texmf.local/tex/latex/base/omscmr.fd
File: omscmr.fd 1999/05/25 v2.5h Standard LaTeX font definitions
)
LaTeX Font Info:    Font shape `OMS/cmr/m/n' in size <12> not available
(Font)              Font shape `OMS/cmsy/m/n' tried instead on input line 186.
 [2] [3] [4]
[5]
LaTeX Font Info:    Try loading font information for OMS+cmtt on input line 448
.
LaTeX Font Info:    No file OMScmtt.fd. on input line 448.


LaTeX Font Warning: Font shape `OMS/cmtt/m/n' undefined
(Font)              using `OMS/cmsy/m/n' instead
(Font)              for symbol `textbraceleft' on input line 448.

[6]
Underfull \hbox (badness 10000) in paragraph at lines 537--539

 []

[7] [8] [9] [10]
LaTeX Font Info:    Font shape `OT1/cmtt/bx/n' in size <12> not available
(Font)              Font shape `OT1/cmtt/m/n' tried instead on input line 795.
 [11] [12] [13] [14] [15] [16] [17] [18] [19]
<adder.pdf, id=113, 359.3425pt x 86.3225pt>
File: adder.pdf Graphic file (type pdf)
 <use adder.pdf> [20 <./adder.pdf>]
[21]
Underfull \hbox (badness 10000) in paragraph at lines 1531--1538
[]\OT1/cmtt/m/n/12 inlineAll[] [][] \OT1/cmr/m/n/12 re-cur-sively flat-tens a s
truc-tured \OT1/cmr/m/sc/12 Al-pha \OT1/cmr/m/n/12 pro-gram.
 []


Underfull \hbox (badness 1117) in paragraph at lines 1531--1538
\OT1/cmtt/m/n/12 inlineAll[exceptions->\OMS/cmtt/m/n/12 f\OT1/cmtt/m/n/12 sys\O
MS/cmtt/m/n/12 g\OT1/cmtt/m/n/12 ] \OT1/cmr/m/n/12 in-lines all sub-sys-tems bu
t those whose names
 []

(./AlphaStart.bbl [22]) [23] [24] [25] [26] [27] [28] [29]
LaTeX Font Info:    Font shape `OT1/cmtt/bx/n' in size <14.4> not available
(Font)              Font shape `OT1/cmtt/m/n' tried instead on input line 1912.

 [30] [31]
(../Install/How-to-install.tex [32] [33]
Missing character: There is no   in font cmr12!
 [34] [35] [36])
No file AlphaStart.ind.
[37] (./AlphaStart.toc [38])
\tf@toc=\write5
\openout5 = `AlphaStart.toc'.

 [39] (./AlphaStart.aux)

LaTeX Font Warning: Some font shapes were not available, defaults substituted.


LaTeX Warning: There were multiply-defined labels.

 ) 
Here is how much of TeX's memory you used:
 1416 strings out of 94412
 18400 string characters out of 1172318
 2064758 words of memory out of 4516322
 4628 multiletter control sequences out of 10000+50000
 13287 words of font info for 47 fonts, out of 2000000 for 2000
 582 hyphenation exceptions out of 5000
 32i,11n,21p,235b,323s stack positions out of 5000i,500n,6000p,200000b,40000s
PDF statistics:
 194 PDF objects out of 300000
 0 named destinations out of 131072
 6 words of extra memory for PDF output out of 10000
</usr/local/teTeX/share/texmf.tetex/fonts/type1/bluesky/cm/cmsl12.pfb></usr/l
ocal/teTeX/share/texmf.tetex/fonts/type1/bluesky/cm/cmmi8.pfb></usr/local/teTeX
/share/texmf.tetex/fonts/type1/bluesky/cm/cmex10.pfb></usr/local/teTeX/share/te
xmf.tetex/fonts/type1/bluesky/cm/cmti10.pfb></usr/local/teTeX/share/texmf.tetex
/fonts/type1/bluesky/cm/cmmi12.pfb></usr/local/teTeX/share/texmf.tetex/fonts/ty
pe1/bluesky/cm/cmti12.pfb></usr/local/teTeX/share/texmf.tetex/fonts/type1/blues
ky/cm/cmtt10.pfb></usr/local/teTeX/share/texmf.tetex/fonts/type1/bluesky/cm/cmr
7.pfb></usr/local/teTeX/share/texmf.tetex/fonts/type1/bluesky/cm/cmsy7.pfb></us
r/local/teTeX/share/texmf.tetex/fonts/type1/bluesky/cm/cmtt12.pfb></usr/local/t
eTeX/share/texmf.tetex/fonts/type1/bluesky/cm/cmr8.pfb></usr/local/teTeX/share/
texmf.tetex/fonts/type1/bluesky/cm/cmbx12.pfb></usr/local/teTeX/share/texmf.tet
ex/fonts/type1/bluesky/cm/cmr10.pfb></usr/local/teTeX/share/texmf.tetex/fonts/t
ype1/bluesky/cm/cmbx10.pfb></usr/local/teTeX/share/texmf.tetex/fonts/type1/blue
sky/cm/cmsy10.pfb></usr/local/teTeX/share/texmf.tetex/fonts/type1/bluesky/cm/cm
r12.pfb></usr/local/teTeX/share/texmf.tetex/fonts/type1/bluesky/cm/cmcsc10.pfb>
</usr/local/teTeX/share/texmf.tetex/fonts/type1/bluesky/cm/cmr17.pfb>
Output written on AlphaStart.pdf (39 pages, 257079 bytes).
