This is pdfeTeX, Version 3.141592-1.30.4-2.2 (Web2C 7.5.5) (format=pdflatex 2006.12.26)  9 APR 2007 18:28
entering extended mode
\write18 enabled.
**dataflow.tex
(./dataflow.tex
LaTeX2e <2005/12/01>
Babel <v3.8d> and hyphenation patterns for american, french, german, ngerman, b
ahasa, basque, bulgarian, catalan, croatian, czech, danish, dutch, esperanto, e
stonian, finnish, greek, icelandic, irish, italian, latin, magyar, norsk, polis
h, portuges, romanian, russian, serbian, slovak, slovene, spanish, swedish, tur
kish, ukrainian, nohyphenation, loaded.
(/usr/local/teTeX/share/texmf.local/tex/latex/base/article.cls
Document Class: article 2005/09/16 v1.4f Standard LaTeX document class
(/usr/local/teTeX/share/texmf.local/tex/latex/base/size11.clo
File: size11.clo 2005/09/16 v1.4f Standard LaTeX file (size option)
)
\c@part=\count79
\c@section=\count80
\c@subsection=\count81
\c@subsubsection=\count82
\c@paragraph=\count83
\c@subparagraph=\count84
\c@figure=\count85
\c@table=\count86
\abovecaptionskip=\skip41
\belowcaptionskip=\skip42
\bibindent=\dimen102
)
(/usr/local/teTeX/share/texmf.local/tex/latex/tools/verbatim.sty
Package: verbatim 2003/08/22 v1.5q LaTeX2e package for verbatim enhancements
\every@verbatim=\toks14
\verbatim@line=\toks15
\verbatim@in@stream=\read1
)
(/usr/local/teTeX/share/texmf.tetex/tex/latex/version/version.sty)
(/usr/local/teTeX/share/texmf.tetex/tex/latex/eepic/epic.sty
Enhancements to Picture Environment. Version 1.2 - Released June 1, 1986
\@@multicnt=\count87
\d@lta=\count88
\@delta=\dimen103
\@@delta=\dimen104
\@gridcnt=\count89
\@joinkind=\count90
\@dotgap=\dimen105
\@ddotgap=\dimen106
\@x@diff=\count91
\@y@diff=\count92
\x@diff=\dimen107
\y@diff=\dimen108
\@dotbox=\box26
\num@segments=\count93
\num@segmentsi=\count94
\@datafile=\read2
) (/usr/local/teTeX/share/texmf.tetex/tex/latex/eepic/eepic.sty
Extension to Epic and LaTeX. Version 1.1e - Released Dec 21, 1999
\@gphlinewidth=\count95
\@eepictcnt=\count96
\@tempdimc=\dimen109
\maxovaldiam=\dimen110
\@filltype=\box27
) (/usr/local/teTeX/share/texmf.local/tex/latex/base/makeidx.sty
Package: makeidx 2000/03/29 v1.0m Standard LaTeX package
)
\@indexfile=\write3
\openout3 = `dataflow.idx'.


Writing index file dataflow.idx
(./dataflow.aux)
\openout1 = `dataflow.aux'.

LaTeX Font Info:    Checking defaults for OML/cmm/m/it on input line 14.
LaTeX Font Info:    ... okay on input line 14.
LaTeX Font Info:    Checking defaults for T1/cmr/m/n on input line 14.
LaTeX Font Info:    ... okay on input line 14.
LaTeX Font Info:    Checking defaults for OT1/cmr/m/n on input line 14.
LaTeX Font Info:    ... okay on input line 14.
LaTeX Font Info:    Checking defaults for OMS/cmsy/m/n on input line 14.
LaTeX Font Info:    ... okay on input line 14.
LaTeX Font Info:    Checking defaults for OMX/cmex/m/n on input line 14.
LaTeX Font Info:    ... okay on input line 14.
LaTeX Font Info:    Checking defaults for U/cmr/m/n on input line 14.
LaTeX Font Info:    ... okay on input line 14.
LaTeX Font Info:    External font `cmex10' loaded for size
(Font)              <12> on input line 21.
LaTeX Font Info:    External font `cmex10' loaded for size
(Font)              <8> on input line 21.
LaTeX Font Info:    External font `cmex10' loaded for size
(Font)              <6> on input line 21.


LaTeX Warning: Citation `quinton-asap2004' on page 1 undefined on input line 27
.

LaTeX Font Info:    External font `cmex10' loaded for size
(Font)              <10.95> on input line 27.
LaTeX Font Info:    External font `cmex10' loaded for size
(Font)              <9> on input line 27.
LaTeX Font Info:    External font `cmex10' loaded for size
(Font)              <5> on input line 27.

Overfull \hbox (24.77019pt too wide) in paragraph at lines 24--29
\OT1/cmr/m/n/10.95 This short note de-scribes some fea-tures that were added to
 the \OT1/cmtt/m/n/10.95 VertexSchedule.m
 []

[1

{/usr/local/teTeX/share/texmf.local/fonts/map/pdftex/updmap/pdftex.map}]
Overfull \hbox (3.47491pt too wide) in paragraph at lines 85--89
[]\OT1/cmr/m/n/10.95 Here is the sched-ule of \OT1/cmtt/m/n/10.95 complexMult\O
T1/cmr/m/n/10.95 , as it ap-pears in the \OT1/cmtt/m/n/10.95 WCDMA-Periodic
 []


Overfull \hbox (2.7149pt too wide) in paragraph at lines 114--116
[]\OT1/cmr/m/n/10.95 The sched-ule of the up-sampler, as given in the file \OT1
/cmtt/m/n/10.95 overSampling.scdlib
 []

[2]
Overfull \hbox (2.16733pt too wide) in paragraph at lines 160--160
[]\OT1/cmtt/m/n/10.95 scd[ optimizationType -> Null, periods -> {p1, p2, ... },
 ... ][] 
 []

LaTeX Font Info:    Try loading font information for OMS+cmr on input line 179.

(/usr/local/teTeX/share/texmf.local/tex/latex/base/omscmr.fd
File: omscmr.fd 1999/05/25 v2.5h Standard LaTeX font definitions
)
LaTeX Font Info:    Font shape `OMS/cmr/m/n' in size <9> not available
(Font)              Font shape `OMS/cmsy/m/n' tried instead on input line 179.
 [3]

LaTeX Warning: Citation `quinton-asap04' on page 4 undefined on input line 188.


[4]
LaTeX Font Info:    Font shape `OMS/cmr/m/n' in size <10.95> not available
(Font)              Font shape `OMS/cmsy/m/n' tried instead on input line 276.
Missing character: There is no   in font cmr10!
Missing character: There is no   in font cmtt10!
 [5] [6] [7] [8]
Overfull \hbox (19.41339pt too wide) in paragraph at lines 399--399
[]    \OT1/cmtt/m/n/10.95 {|j>0}: if indexi[i]<kindexj[j] then E[i+1,j] else E[
i+1,j-1];[] 
 []

[9] [10] (./dataflow.aux)

LaTeX Warning: There were undefined references.


LaTeX Warning: Label(s) may have changed. Rerun to get cross-references right.

 ) 
Here is how much of TeX's memory you used:
 482 strings out of 94412
 5970 string characters out of 1172318
 2051570 words of memory out of 4503134
 3748 multiletter control sequences out of 10000+50000
 10919 words of font info for 39 fonts, out of 2000000 for 2000
 582 hyphenation exceptions out of 5000
 25i,9n,21p,164b,275s stack positions out of 5000i,500n,6000p,200000b,40000s
PDF statistics:
 80 PDF objects out of 300000
 0 named destinations out of 131072
 1 words of extra memory for PDF output out of 10000
</usr/local/teTeX/share/texmf.tetex/fonts/type1/bluesky/cm/cmsy9.pfb></usr/lo
cal/teTeX/share/texmf.tetex/fonts/type1/bluesky/cm/cmtt9.pfb></usr/local/teTeX/
share/texmf.tetex/fonts/type1/bluesky/cm/cmsl10.pfb></usr/local/teTeX/share/tex
mf.tetex/fonts/type1/bluesky/cm/cmr9.pfb></usr/local/teTeX/share/texmf.tetex/fo
nts/type1/bluesky/cm/cmr6.pfb></usr/local/teTeX/share/texmf.tetex/fonts/type1/b
luesky/cm/cmsy10.pfb></usr/local/teTeX/share/texmf.tetex/fonts/type1/bluesky/cm
/cmmi10.pfb></usr/local/teTeX/share/texmf.tetex/fonts/type1/bluesky/cm/cmti10.p
fb></usr/local/teTeX/share/texmf.tetex/fonts/type1/bluesky/cm/cmcsc10.pfb></usr
/local/teTeX/share/texmf.tetex/fonts/type1/bluesky/cm/cmr8.pfb></usr/local/teTe
X/share/texmf.tetex/fonts/type1/bluesky/cm/cmbx10.pfb></usr/local/teTeX/share/t
exmf.tetex/fonts/type1/bluesky/cm/cmtt10.pfb></usr/local/teTeX/share/texmf.tete
x/fonts/type1/bluesky/cm/cmr10.pfb></usr/local/teTeX/share/texmf.tetex/fonts/ty
pe1/bluesky/cm/cmbx12.pfb></usr/local/teTeX/share/texmf.tetex/fonts/type1/blues
ky/cm/cmr12.pfb></usr/local/teTeX/share/texmf.tetex/fonts/type1/bluesky/cm/cmr1
7.pfb>
Output written on dataflow.pdf (10 pages, 120541 bytes).
