This is pdfTeXk, Version 3.1415926-1.40.9 (Web2C 7.5.7) (format=pdflatex 2009.7.19)  1 DEC 2009 16:40
entering extended mode
\write18 enabled.
 %&-line parsing enabled.
**Alphard.tex
(./Alphard.tex
LaTeX2e <2005/12/01>
Babel <v3.8l> and hyphenation patterns for english, usenglishmax, dumylang, noh
yphenation, german-x-2008-06-18, ngerman-x-2008-06-18, ancientgreek, ibycus, ar
abic, basque, bulgarian, catalan, pinyin, coptic, croatian, czech, danish, dutc
h, esperanto, estonian, farsi, finnish, french, galician, german, ngerman, mono
greek, greek, hungarian, icelandic, indonesian, interlingua, irish, italian, la
tin, lithuanian, mongolian, mongolian2a, bokmal, nynorsk, polish, portuguese, r
omanian, russian, sanskrit, serbian, slovak, slovenian, spanish, swedish, turki
sh, ukenglish, ukrainian, uppersorbian, welsh, loaded.
(/usr/local/texlive/2008/texmf-dist/tex/latex/base/article.cls
Document Class: article 2005/09/16 v1.4f Standard LaTeX document class
(/usr/local/texlive/2008/texmf-dist/tex/latex/base/size12.clo
File: size12.clo 2005/09/16 v1.4f Standard LaTeX file (size option)
)
\c@part=\count79
\c@section=\count80
\c@subsection=\count81
\c@subsubsection=\count82
\c@paragraph=\count83
\c@subparagraph=\count84
\c@figure=\count85
\c@table=\count86
\abovecaptionskip=\skip41
\belowcaptionskip=\skip42
\bibindent=\dimen102
)
(/usr/local/texlive/2008/texmf-dist/tex/latex/preprint/fullpage.sty
Package: fullpage 1999/02/23 1.1 (PWD)
\FP@margin=\skip43
)
(/usr/local/texlive/2008/texmf-dist/tex/latex/eepic/epic.sty
Enhancements to Picture Environment. Version 1.2 - Released June 1, 1986
\@@multicnt=\count87
\d@lta=\count88
\@delta=\dimen103
\@@delta=\dimen104
\@gridcnt=\count89
\@joinkind=\count90
\@dotgap=\dimen105
\@ddotgap=\dimen106
\@x@diff=\count91
\@y@diff=\count92
\x@diff=\dimen107
\y@diff=\dimen108
\@dotbox=\box26
\num@segments=\count93
\num@segmentsi=\count94
\@datafile=\read1
) (/usr/local/texlive/2008/texmf-dist/tex/latex/eepic/eepic.sty
Extension to Epic and LaTeX. Version 1.1e - Released Dec 21, 1999
\@gphlinewidth=\count95
\@eepictcnt=\count96
\@tempdimc=\dimen109
\maxovaldiam=\dimen110
\@filltype=\box27
) (/usr/local/texlive/2008/texmf-dist/tex/latex/graphics/epsfig.sty
Package: epsfig 1999/02/16 v1.7a (e)psfig emulation (SPQR)

(/usr/local/texlive/2008/texmf-dist/tex/latex/graphics/graphicx.sty
Package: graphicx 1999/02/16 v1.0f Enhanced LaTeX Graphics (DPC,SPQR)

(/usr/local/texlive/2008/texmf-dist/tex/latex/graphics/keyval.sty
Package: keyval 1999/03/16 v1.13 key=value parser (DPC)
\KV@toks@=\toks14
)
(/usr/local/texlive/2008/texmf-dist/tex/latex/graphics/graphics.sty
Package: graphics 2006/02/20 v1.0o Standard LaTeX Graphics (DPC,SPQR)

(/usr/local/texlive/2008/texmf-dist/tex/latex/graphics/trig.sty
Package: trig 1999/03/16 v1.09 sin cos tan (DPC)
)
(/usr/local/texlive/2008/texmf/tex/latex/config/graphics.cfg
File: graphics.cfg 2007/01/18 v1.5 graphics configuration of teTeX/TeXLive
)
Package graphics Info: Driver file: pdftex.def on input line 90.

(/usr/local/texlive/2008/texmf-dist/tex/latex/pdftex-def/pdftex.def
File: pdftex.def 2008/09/08 v0.04l Graphics/color for pdfTeX
\Gread@gobject=\count97
))
\Gin@req@height=\dimen111
\Gin@req@width=\dimen112
)
\epsfxsize=\dimen113
\epsfysize=\dimen114
)
(/usr/local/texlive/2008/texmf-dist/tex/latex/base/makeidx.sty
Package: makeidx 2000/03/29 v1.0m Standard LaTeX package
)
(/usr/local/texlive/2008/texmf-dist/tex/latex/graphics/color.sty
Package: color 2005/11/14 v1.0j Standard LaTeX Color (DPC)

(/usr/local/texlive/2008/texmf/tex/latex/config/color.cfg
File: color.cfg 2007/01/18 v1.5 color configuration of teTeX/TeXLive
)
Package color Info: Driver file: pdftex.def on input line 130.
)
(/usr/local/texlive/2008/texmf-dist/tex/latex/moreverb/moreverb.sty
Package: moreverb 2008/06/03 v2.3 `more' verbatim facilities

(/usr/local/texlive/2008/texmf-dist/tex/latex/tools/verbatim.sty
Package: verbatim 2003/08/22 v1.5q LaTeX2e package for verbatim enhancements
\every@verbatim=\toks15
\verbatim@line=\toks16
\verbatim@in@stream=\read2
)
\verbatim@out=\write3
\tab@position=\count98
\tab@size=\count99
\listing@line=\count100
)
(/usr/local/texlive/2008/texmf-dist/tex/latex/ltxmisc/boxedminipage.sty)
(/usr/local/texlive/2008/texmf-dist/tex/latex/ltxmisc/version.sty)
\c@Nex=\count101
\c@ex=\count102
\@indexfile=\write4
\openout4 = `Alphard.idx'.


Writing index file Alphard.idx
(./Alphard.aux)
\openout1 = `Alphard.aux'.

LaTeX Font Info:    Checking defaults for OML/cmm/m/it on input line 99.
LaTeX Font Info:    ... okay on input line 99.
LaTeX Font Info:    Checking defaults for T1/cmr/m/n on input line 99.
LaTeX Font Info:    ... okay on input line 99.
LaTeX Font Info:    Checking defaults for OT1/cmr/m/n on input line 99.
LaTeX Font Info:    ... okay on input line 99.
LaTeX Font Info:    Checking defaults for OMS/cmsy/m/n on input line 99.
LaTeX Font Info:    ... okay on input line 99.
LaTeX Font Info:    Checking defaults for OMX/cmex/m/n on input line 99.
LaTeX Font Info:    ... okay on input line 99.
LaTeX Font Info:    Checking defaults for U/cmr/m/n on input line 99.
LaTeX Font Info:    ... okay on input line 99.

(/usr/local/texlive/2008/texmf-dist/tex/context/base/supp-pdf.tex
[Loading MPS to PDF converter (version 2006.09.02).]
\scratchcounter=\count103
\scratchdimen=\dimen115
\scratchbox=\box28
\nofMPsegments=\count104
\nofMParguments=\count105
\everyMPshowfont=\toks17
\MPscratchCnt=\count106
\MPscratchDim=\dimen116
\MPnumerator=\count107
\everyMPtoPDFconversion=\toks18
)
LaTeX Font Info:    External font `cmex10' loaded for size
(Font)              <14.4> on input line 110.
LaTeX Font Info:    External font `cmex10' loaded for size
(Font)              <7> on input line 110.
LaTeX Font Info:    External font `cmex10' loaded for size
(Font)              <5> on input line 110.
LaTeX Font Info:    External font `cmex10' loaded for size
(Font)              <12> on input line 129.
LaTeX Font Info:    External font `cmex10' loaded for size
(Font)              <8> on input line 129.
LaTeX Font Info:    External font `cmex10' loaded for size
(Font)              <6> on input line 129.


LaTeX Warning: Citation `Alpha97a' undefined on input line 153.


LaTeX Warning: Citation `BQRR' undefined on input line 153.


LaTeX Warning: Citation `Ris21' undefined on input line 153.


LaTeX Warning: Citation `DupontQuRi95' undefined on input line 153.


LaTeX Warning: Citation `DuRiRo97' undefined on input line 153.


LaTeX Warning: Citation `QuRaRi96a' undefined on input line 153.


LaTeX Warning: Citation `QuRaRi97a' undefined on input line 153.


LaTeX Warning: Citation `Mauras89' on page 1 undefined on input line 157.


LaTeX Warning: Citation `KaMiWi67' on page 1 undefined on input line 161.


LaTeX Warning: Citation `Moldovan82' on page 1 undefined on input line 162.


LaTeX Warning: Citation `Quinton84c' on page 1 undefined on input line 162.


LaTeX Warning: Citation `Rajopadhye86' on page 1 undefined on input line 162.

[1

{/usr/local/texlive/2008/texmf-var/fonts/map/pdftex/updmap/pdftex.map}]
LaTeX Font Info:    Try loading font information for OMS+cmr on input line 185.


(/usr/local/texlive/2008/texmf-dist/tex/latex/base/omscmr.fd
File: omscmr.fd 1999/05/25 v2.5h Standard LaTeX font definitions
)
LaTeX Font Info:    Font shape `OMS/cmr/m/n' in size <12> not available
(Font)              Font shape `OMS/cmsy/m/n' tried instead on input line 185.


LaTeX Warning: Reference `language' on page 2 undefined on input line 186.


LaTeX Warning: Reference `basic' on page 2 undefined on input line 186.


LaTeX Warning: Reference `simulation' on page 2 undefined on input line 187.


LaTeX Warning: Reference `basic' on page 2 undefined on input line 189.


LaTeX Warning: Reference `advanced' on page 2 undefined on input line 189.


LaTeX Warning: Reference `schedule' on page 2 undefined on input line 194.


LaTeX Warning: Reference `howwork' on page 2 undefined on input line 206.


LaTeX Warning: Reference `install' on page 2 undefined on input line 207.


LaTeX Warning: Reference `language' on page 2 undefined on input line 208.


LaTeX Warning: Reference `basic' on page 2 undefined on input line 209.


LaTeX Warning: Reference `hardware' on page 2 undefined on input line 211.


LaTeX Warning: Reference `advanced' on page 2 undefined on input line 211.


LaTeX Warning: Reference `structured' on page 2 undefined on input line 213.


LaTeX Warning: Reference `andnow' on page 2 undefined on input line 214.

[2]
Underfull \hbox (badness 10000) in paragraph at lines 253--257
\OT1/cmr/m/n/12 Before go-ing on, you should in-stall the \OT1/cmr/m/sc/12 MMAl
-pha \OT1/cmr/m/n/12 en-vi-ron-ment.
 []


Underfull \hbox (badness 10000) in paragraph at lines 253--257
\OT1/cmr/m/n/12 The in-stal-la-tion pro-ce-dure is ex-plained in the \OT1/cmr/m
/sc/12 MMAl-pha \OT1/cmr/m/n/12 web site
 []

[3]

LaTeX Warning: Reference `fig1' on page 4 undefined on input line 295.


LaTeX Warning: Reference `ex1' on page 4 undefined on input line 326.


LaTeX Warning: Reference `fig1' on page 4 undefined on input line 335.

[4]

LaTeX Warning: Reference `ex2' on page 5 undefined on input line 376.


LaTeX Warning: Reference `fig1' on page 5 undefined on input line 383.


LaTeX Warning: Reference `ex3' on page 5 undefined on input line 395.

[5]
LaTeX Font Info:    Try loading font information for OMS+cmtt on input line 428
.
LaTeX Font Info:    No file OMScmtt.fd. on input line 428.


LaTeX Font Warning: Font shape `OMS/cmtt/m/n' undefined
(Font)              using `OMS/cmsy/m/n' instead
(Font)              for symbol `textbraceleft' on input line 428.


LaTeX Warning: Reference `structured' on page 6 undefined on input line 443.


LaTeX Warning: Reference `ex2' on page 6 undefined on input line 449.


LaTeX Warning: Reference `ex2' on page 6 undefined on input line 456.


LaTeX Warning: Reference `sectstruct' on page 6 undefined on input line 460.


LaTeX Warning: Reference `alpha1' on page 6 undefined on input line 462.


LaTeX Warning: Reference `fig1' on page 6 undefined on input line 475.

[6]
Underfull \hbox (badness 10000) in paragraph at lines 517--519

 []

[7] [8]

LaTeX Warning: Reference `fig1' on page 9 undefined on input line 627.

[9]

LaTeX Warning: Reference `tssim' on page 10 undefined on input line 703.

[10]
LaTeX Font Info:    Font shape `OT1/cmtt/bx/n' in size <12> not available
(Font)              Font shape `OT1/cmtt/m/n' tried instead on input line 775.


LaTeX Warning: Citation `FeautrierTa90' on page 11 undefined on input line 792.


[11]

LaTeX Warning: Reference `structured' on page 12 undefined on input line 919.

[12] [13]

LaTeX Warning: Reference `sectstruct' on page 14 undefined on input line 1003.

[14]

LaTeX Warning: Reference `fig1' on page 15 undefined on input line 1094.


LaTeX Warning: Reference `fig2' on page 15 undefined on input line 1116.


LaTeX Warning: Reference `fig2' on page 15 undefined on input line 1119.


LaTeX Warning: Reference `fig1' on page 15 undefined on input line 1145.


LaTeX Warning: Reference `fig2' on page 15 undefined on input line 1179.

[15]

LaTeX Warning: Reference `fig3' on page 16 undefined on input line 1194.


LaTeX Warning: Reference `fig2' on page 16 undefined on input line 1220.

[16] [17]

LaTeX Warning: Reference `adder' on page 18 undefined on input line 1308.


LaTeX Warning: File `adder.pdf' not found on input line 1316.


! Package pdftex.def Error: File `adder.pdf' not found.

See the pdftex.def package documentation for explanation.
Type  H <return>  for immediate help.
 ...                                              
                                                  
l.1316   }
          
? 
! Emergency stop.
 ...                                              
                                                  
l.1316   }
          
Using draft setting for this image.
Try typing  <return>  to proceed.
If that doesn't work, type  X <return>  to quit.

 
Here is how much of TeX's memory you used:
 1416 strings out of 493876
 18592 string characters out of 1150568
 73595 words of memory out of 3000000
 4693 multiletter control sequences out of 10000+50000
 12728 words of font info for 45 fonts, out of 3000000 for 5000
 714 hyphenation exceptions out of 8191
 32i,11n,21p,216b,292s stack positions out of 5000i,500n,10000p,200000b,50000s
!  ==> Fatal error occurred, no output PDF file produced!
