This is pdfeTeX, Version 3.141592-1.30.4-2.2 (Web2C 7.5.5) (format=pdflatex 2006.12.26)  6 JAN 2007 16:35
entering extended mode
\write18 enabled.
**Distribution.tex
(./Distribution.tex
LaTeX2e <2005/12/01>
Babel <v3.8d> and hyphenation patterns for american, french, german, ngerman, b
ahasa, basque, bulgarian, catalan, croatian, czech, danish, dutch, esperanto, e
stonian, finnish, greek, icelandic, irish, italian, latin, magyar, norsk, polis
h, portuges, romanian, russian, serbian, slovak, slovene, spanish, swedish, tur
kish, ukrainian, nohyphenation, loaded.
(/usr/local/teTeX/share/texmf.local/tex/latex/base/article.cls
Document Class: article 2005/09/16 v1.4f Standard LaTeX document class
(/usr/local/teTeX/share/texmf.local/tex/latex/base/size11.clo
File: size11.clo 2005/09/16 v1.4f Standard LaTeX file (size option)
)
\c@part=\count79
\c@section=\count80
\c@subsection=\count81
\c@subsubsection=\count82
\c@paragraph=\count83
\c@subparagraph=\count84
\c@figure=\count85
\c@table=\count86
\abovecaptionskip=\skip41
\belowcaptionskip=\skip42
\bibindent=\dimen102
)
(./Distribution.aux)
\openout1 = `Distribution.aux'.

LaTeX Font Info:    Checking defaults for OML/cmm/m/it on input line 2.
LaTeX Font Info:    ... okay on input line 2.
LaTeX Font Info:    Checking defaults for T1/cmr/m/n on input line 2.
LaTeX Font Info:    ... okay on input line 2.
LaTeX Font Info:    Checking defaults for OT1/cmr/m/n on input line 2.
LaTeX Font Info:    ... okay on input line 2.
LaTeX Font Info:    Checking defaults for OMS/cmsy/m/n on input line 2.
LaTeX Font Info:    ... okay on input line 2.
LaTeX Font Info:    Checking defaults for OMX/cmex/m/n on input line 2.
LaTeX Font Info:    ... okay on input line 2.
LaTeX Font Info:    Checking defaults for U/cmr/m/n on input line 2.
LaTeX Font Info:    ... okay on input line 2.
LaTeX Font Info:    External font `cmex10' loaded for size
(Font)              <17.28> on input line 10.
LaTeX Font Info:    External font `cmex10' loaded for size
(Font)              <12> on input line 10.
LaTeX Font Info:    External font `cmex10' loaded for size
(Font)              <8> on input line 10.
LaTeX Font Info:    External font `cmex10' loaded for size
(Font)              <6> on input line 10.
LaTeX Font Info:    External font `cmex10' loaded for size
(Font)              <9> on input line 10.
LaTeX Font Info:    External font `cmex10' loaded for size
(Font)              <5> on input line 10.
Missing character: There is no   in font cmr10!
 [1

{/usr/local/teTeX/share/texmf.local/fonts/map/pdftex/updmap/pdftex.map}] [2] (.
/Distribution.aux) ) 
Here is how much of TeX's memory you used:
 248 strings out of 94412
 2733 string characters out of 1172318
 2048436 words of memory out of 4500000
 3539 multiletter control sequences out of 10000+50000
 9790 words of font info for 35 fonts, out of 2000000 for 2000
 582 hyphenation exceptions out of 5000
 29i,6n,19p,144b,226s stack positions out of 5000i,500n,6000p,200000b,40000s
PDF statistics:
 37 PDF objects out of 300000
 0 named destinations out of 131072
 1 words of extra memory for PDF output out of 10000
</usr/local/teTeX/share/texmf.tetex/fonts/type1/bluesky/cm/
cmr9.pfb></usr/local/teTeX/share/texmf.tetex/fonts/type1/bluesky/cm/cmsy6.pfb><
/usr/local/teTeX/share/texmf.tetex/fonts/type1/bluesky/cm/cmti10.pfb></usr/loca
l/teTeX/share/texmf.tetex/fonts/type1/bluesky/cm/cmtt10.pfb></usr/local/teTeX/s
hare/texmf.tetex/fonts/type1/bluesky/cm/cmr10.pfb></usr/local/teTeX/share/texmf
.tetex/fonts/type1/bluesky/cm/cmbx12.pfb></usr/local/teTeX/share/texmf.tetex/fo
nts/type1/bluesky/cm/cmr12.pfb></usr/local/teTeX/share/texmf.tetex/fonts/type1/
bluesky/cm/cmsy10.pfb></usr/local/teTeX/share/texmf.tetex/fonts/type1/bluesky/c
m/cmtt12.pfb></usr/local/teTeX/share/texmf.tetex/fonts/type1/bluesky/cm/cmr17.p
fb>
Output written on Distribution.pdf (2 pages, 54874 bytes).
