This is pdfeTeX, Version 3.141592-1.30.4-2.2 (Web2C 7.5.5) (format=pdflatex 2006.5.10)  25 MAY 2006 16:00
entering extended mode
\write18 enabled.
**Darwin-note.tex
(./Darwin-note.tex
LaTeX2e <2005/12/01>
Babel <v3.8d> and hyphenation patterns for american, french, german, ngerman, d
utch, italian, norsk, portuges, spanish, swedish, nohyphenation, loaded.
(/usr/local/teTeX/share/texmf.local/tex/latex/base/article.cls
Document Class: article 2005/09/16 v1.4f Standard LaTeX document class
(/usr/local/teTeX/share/texmf.local/tex/latex/base/size11.clo
File: size11.clo 2005/09/16 v1.4f Standard LaTeX file (size option)
)
\c@part=\count79
\c@section=\count80
\c@subsection=\count81
\c@subsubsection=\count82
\c@paragraph=\count83
\c@subparagraph=\count84
\c@figure=\count85
\c@table=\count86
\abovecaptionskip=\skip41
\belowcaptionskip=\skip42
\bibindent=\dimen102
)
(./Darwin-note.aux)
\openout1 = `Darwin-note.aux'.

LaTeX Font Info:    Checking defaults for OML/cmm/m/it on input line 2.
LaTeX Font Info:    ... okay on input line 2.
LaTeX Font Info:    Checking defaults for T1/cmr/m/n on input line 2.
LaTeX Font Info:    ... okay on input line 2.
LaTeX Font Info:    Checking defaults for OT1/cmr/m/n on input line 2.
LaTeX Font Info:    ... okay on input line 2.
LaTeX Font Info:    Checking defaults for OMS/cmsy/m/n on input line 2.
LaTeX Font Info:    ... okay on input line 2.
LaTeX Font Info:    Checking defaults for OMX/cmex/m/n on input line 2.
LaTeX Font Info:    ... okay on input line 2.
LaTeX Font Info:    Checking defaults for U/cmr/m/n on input line 2.
LaTeX Font Info:    ... okay on input line 2.
LaTeX Font Info:    External font `cmex10' loaded for size
(Font)              <12> on input line 13.
LaTeX Font Info:    External font `cmex10' loaded for size
(Font)              <8> on input line 13.
LaTeX Font Info:    External font `cmex10' loaded for size
(Font)              <6> on input line 13.

Overfull \hbox (87.02927pt too wide) in paragraph at lines 29--29
 []\OT1/cmtt/m/n/10.95 alias mma '/Applications/Mathematica\ 5.2.app/Contents/M
acOS/Mathematica'[] 
 []

[1

{/usr/local/teTeX/share/texmf.local/fonts/map/pdftex/updmap/pdftex.map}]
LaTeX Font Info:    Font shape `OT1/cmtt/bx/n' in size <14.4> not available
(Font)              Font shape `OT1/cmtt/m/n' tried instead on input line 49.

Overfull \hbox (59.6542pt too wide) in paragraph at lines 67--67
[]          \OT1/cmtt/m/n/10.95 mmalpha::noenv = "The MMALPHA environment varia
ble is not set";[] 
 []

[2] (./Darwin-note.aux) ) 
Here is how much of TeX's memory you used:
 241 strings out of 95125
 2635 string characters out of 1182969
 2046175 words of memory out of 4500928
 3473 multiletter control sequences out of 10000+50000
 8820 words of font info for 32 fonts, out of 2000000 for 2000
 58 hyphenation exceptions out of 5000
 21i,6n,20p,143b,201s stack positions out of 5000i,500n,6000p,200000b,40000s
PDF statistics:
 28 PDF objects out of 300000
 0 named destinations out of 131072
 1 words of extra memory for PDF output out of 10000
</usr/local/teTeX/share/texmf.tetex/fonts/type1/bluesk
y/cm/cmtt12.pfb></usr/local/teTeX/share/texmf.tetex/fonts/type1/bluesky/cm/cmtt
10.pfb></usr/local/teTeX/share/texmf.tetex/fonts/type1/bluesky/cm/cmbx12.pfb></
usr/local/teTeX/share/texmf.tetex/fonts/type1/bluesky/cm/cmr10.pfb></usr/local/
teTeX/share/texmf.tetex/fonts/type1/bluesky/cm/cmr12.pfb></usr/local/teTeX/shar
e/texmf.tetex/fonts/type1/bluesky/cm/cmcsc10.pfb></usr/local/teTeX/share/texmf.
tetex/fonts/type1/bluesky/cm/cmr17.pfb>
Output written on Darwin-note.pdf (2 pages, 53534 bytes).
