This is pdfeTeX, Version 3.141592-1.30.4-2.2 (Web2C 7.5.5) (format=pdflatex 2006.12.26)  25 APR 2009 18:19
entering extended mode
\write18 enabled.
**referenceManual.tex
(./referenceManual.tex
LaTeX2e <2005/12/01>
Babel <v3.8d> and hyphenation patterns for american, french, german, ngerman, b
ahasa, basque, bulgarian, catalan, croatian, czech, danish, dutch, esperanto, e
stonian, finnish, greek, icelandic, irish, italian, latin, magyar, norsk, polis
h, portuges, romanian, russian, serbian, slovak, slovene, spanish, swedish, tur
kish, ukrainian, nohyphenation, loaded.
(/usr/local/teTeX/share/texmf.local/tex/latex/base/report.cls
Document Class: report 2005/09/16 v1.4f Standard LaTeX document class
(/usr/local/teTeX/share/texmf.local/tex/latex/base/size11.clo
File: size11.clo 2005/09/16 v1.4f Standard LaTeX file (size option)
)
\c@part=\count79
\c@chapter=\count80
\c@section=\count81
\c@subsection=\count82
\c@subsubsection=\count83
\c@paragraph=\count84
\c@subparagraph=\count85
\c@figure=\count86
\c@table=\count87
\abovecaptionskip=\skip41
\belowcaptionskip=\skip42
\bibindent=\dimen102
)
(/usr/local/teTeX/share/texmf.local/tex/latex/tools/verbatim.sty
Package: verbatim 2003/08/22 v1.5q LaTeX2e package for verbatim enhancements
\every@verbatim=\toks14
\verbatim@line=\toks15
\verbatim@in@stream=\read1
)
(/usr/local/teTeX/share/texmf.tetex/tex/latex/version/version.sty)
(/usr/local/teTeX/share/texmf.tetex/tex/latex/eepic/epic.sty
Enhancements to Picture Environment. Version 1.2 - Released June 1, 1986
\@@multicnt=\count88
\d@lta=\count89
\@delta=\dimen103
\@@delta=\dimen104
\@gridcnt=\count90
\@joinkind=\count91
\@dotgap=\dimen105
\@ddotgap=\dimen106
\@x@diff=\count92
\@y@diff=\count93
\x@diff=\dimen107
\y@diff=\dimen108
\@dotbox=\box26
\num@segments=\count94
\num@segmentsi=\count95
\@datafile=\read2
) (/usr/local/teTeX/share/texmf.tetex/tex/latex/eepic/eepic.sty
Extension to Epic and LaTeX. Version 1.1e - Released Dec 21, 1999
\@gphlinewidth=\count96
\@eepictcnt=\count97
\@tempdimc=\dimen109
\maxovaldiam=\dimen110
\@filltype=\box27
) (/usr/local/teTeX/share/texmf.local/tex/latex/base/makeidx.sty
Package: makeidx 2000/03/29 v1.0m Standard LaTeX package
)
\@indexfile=\write3
\openout3 = `referenceManual.idx'.


Writing index file referenceManual.idx
(./referenceManual.aux

LaTeX Warning: Label `label:Alpha`Matrix`' multiply defined.


LaTeX Warning: Label `label:Alpha`Reduction`' multiply defined.


LaTeX Warning: Label `label:Alpha`Semantics`' multiply defined.


LaTeX Warning: Label `label:Alpha`Static`' multiply defined.


LaTeX Warning: Label `label:Alpha`SubSystems`' multiply defined.


LaTeX Warning: Label `label:Alpha`Tables`' multiply defined.


LaTeX Warning: Label `label:Alpha`Visual`' multiply defined.


LaTeX Warning: Label `label:Alpha`Visual3D`' multiply defined.


LaTeX Warning: Label `label:Alpha`Zpol`' multiply defined.

)
\openout1 = `referenceManual.aux'.

LaTeX Font Info:    Checking defaults for OML/cmm/m/it on input line 27.
LaTeX Font Info:    ... okay on input line 27.
LaTeX Font Info:    Checking defaults for T1/cmr/m/n on input line 27.
LaTeX Font Info:    ... okay on input line 27.
LaTeX Font Info:    Checking defaults for OT1/cmr/m/n on input line 27.
LaTeX Font Info:    ... okay on input line 27.
LaTeX Font Info:    Checking defaults for OMS/cmsy/m/n on input line 27.
LaTeX Font Info:    ... okay on input line 27.
LaTeX Font Info:    Checking defaults for OMX/cmex/m/n on input line 27.
LaTeX Font Info:    ... okay on input line 27.
LaTeX Font Info:    Checking defaults for U/cmr/m/n on input line 27.
LaTeX Font Info:    ... okay on input line 27.
LaTeX Font Info:    External font `cmex10' loaded for size
(Font)              <17.28> on input line 36.
LaTeX Font Info:    External font `cmex10' loaded for size
(Font)              <12> on input line 36.
LaTeX Font Info:    External font `cmex10' loaded for size
(Font)              <8> on input line 36.
LaTeX Font Info:    External font `cmex10' loaded for size
(Font)              <6> on input line 36.
LaTeX Font Info:    External font `cmex10' loaded for size
(Font)              <7> on input line 36.
LaTeX Font Info:    External font `cmex10' loaded for size
(Font)              <5> on input line 36.
 [1

{/usr/local/teTeX/share/texmf.local/fonts/map/pdftex/updmap/pdftex.map}]
(./referenceManual.toc
LaTeX Font Info:    External font `cmex10' loaded for size
(Font)              <10.95> on input line 2.
 [1

] [2] [3] [4] [5] [6] [7] [8] [9] [10] [11] [12]
[13] [14] [15] [16] [17]
Overfull \hbox (3.89333pt too wide) detected at line 676
\OT1/cmr/m/n/10.95 12.5.100 
 []


Overfull \hbox (3.89333pt too wide) detected at line 677
\OT1/cmr/m/n/10.95 12.5.101 
 []


Overfull \hbox (3.89333pt too wide) detected at line 678
\OT1/cmr/m/n/10.95 12.5.102 
 []


Overfull \hbox (3.89333pt too wide) detected at line 679
\OT1/cmr/m/n/10.95 12.5.103 
 []


Overfull \hbox (3.89333pt too wide) detected at line 680
\OT1/cmr/m/n/10.95 12.5.104 
 []


Overfull \hbox (3.89333pt too wide) detected at line 681
\OT1/cmr/m/n/10.95 12.5.105 
 []


Overfull \hbox (3.89333pt too wide) detected at line 682
\OT1/cmr/m/n/10.95 12.5.106 
 []


Overfull \hbox (3.89333pt too wide) detected at line 683
\OT1/cmr/m/n/10.95 12.5.107 
 []


Overfull \hbox (3.89333pt too wide) detected at line 684
\OT1/cmr/m/n/10.95 12.5.108 
 []


Overfull \hbox (3.89333pt too wide) detected at line 685
\OT1/cmr/m/n/10.95 12.5.109 
 []


Overfull \hbox (3.89333pt too wide) detected at line 686
\OT1/cmr/m/n/10.95 12.5.110 
 []


Overfull \hbox (3.89333pt too wide) detected at line 687
\OT1/cmr/m/n/10.95 12.5.111 
 []


Overfull \hbox (3.89333pt too wide) detected at line 688
\OT1/cmr/m/n/10.95 12.5.112 
 []


Overfull \hbox (3.89333pt too wide) detected at line 689
\OT1/cmr/m/n/10.95 12.5.113 
 []


Overfull \hbox (3.89333pt too wide) detected at line 690
\OT1/cmr/m/n/10.95 12.5.114 
 []


Overfull \hbox (3.89333pt too wide) detected at line 691
\OT1/cmr/m/n/10.95 12.5.115 
 []


Overfull \hbox (3.89333pt too wide) detected at line 692
\OT1/cmr/m/n/10.95 12.5.116 
 []

[18] [19]
Overfull \hbox (3.89333pt too wide) detected at line 750
\OT1/cmr/m/n/10.95 12.11.10 
 []


Overfull \hbox (3.89333pt too wide) detected at line 751
\OT1/cmr/m/n/10.95 12.11.11 
 []


Overfull \hbox (3.89333pt too wide) detected at line 752
\OT1/cmr/m/n/10.95 12.11.12 
 []


Overfull \hbox (3.89333pt too wide) detected at line 753
\OT1/cmr/m/n/10.95 12.11.13 
 []


Overfull \hbox (3.89333pt too wide) detected at line 754
\OT1/cmr/m/n/10.95 12.11.14 
 []


Overfull \hbox (3.89333pt too wide) detected at line 755
\OT1/cmr/m/n/10.95 12.11.15 
 []


Overfull \hbox (3.89333pt too wide) detected at line 756
\OT1/cmr/m/n/10.95 12.11.16 
 []


Overfull \hbox (3.89333pt too wide) detected at line 757
\OT1/cmr/m/n/10.95 12.11.17 
 []


Overfull \hbox (3.89333pt too wide) detected at line 758
\OT1/cmr/m/n/10.95 12.11.18 
 []


Overfull \hbox (3.89333pt too wide) detected at line 769
\OT1/cmr/m/n/10.95 12.12.10 
 []


Overfull \hbox (3.89333pt too wide) detected at line 770
\OT1/cmr/m/n/10.95 12.12.11 
 []


Overfull \hbox (3.89333pt too wide) detected at line 771
\OT1/cmr/m/n/10.95 12.12.12 
 []


Overfull \hbox (3.89333pt too wide) detected at line 772
\OT1/cmr/m/n/10.95 12.12.13 
 []


Overfull \hbox (3.89333pt too wide) detected at line 773
\OT1/cmr/m/n/10.95 12.12.14 
 []


Overfull \hbox (3.89333pt too wide) detected at line 774
\OT1/cmr/m/n/10.95 12.12.15 
 []


Overfull \hbox (3.89333pt too wide) detected at line 775
\OT1/cmr/m/n/10.95 12.12.16 
 []


Overfull \hbox (3.89333pt too wide) detected at line 776
\OT1/cmr/m/n/10.95 12.12.17 
 []


Overfull \hbox (3.89333pt too wide) detected at line 777
\OT1/cmr/m/n/10.95 12.12.18 
 []


Overfull \hbox (3.89333pt too wide) detected at line 778
\OT1/cmr/m/n/10.95 12.12.19 
 []


Overfull \hbox (3.89333pt too wide) detected at line 779
\OT1/cmr/m/n/10.95 12.12.20 
 []


Overfull \hbox (3.89333pt too wide) detected at line 780
\OT1/cmr/m/n/10.95 12.12.21 
 []

[20]
Overfull \hbox (3.89333pt too wide) detected at line 796
\OT1/cmr/m/n/10.95 12.14.10 
 []


Overfull \hbox (3.89333pt too wide) detected at line 797
\OT1/cmr/m/n/10.95 12.14.11 
 []


Overfull \hbox (3.89333pt too wide) detected at line 798
\OT1/cmr/m/n/10.95 12.14.12 
 []


Overfull \hbox (3.89333pt too wide) detected at line 799
\OT1/cmr/m/n/10.95 12.14.13 
 []

)
\tf@toc=\write4
\openout4 = `referenceManual.toc'.

 [21]
Chapter 1.
[22

]
LaTeX Font Info:    Try loading font information for OMS+cmr on input line 107.

 (/usr/local/teTeX/share/texmf.local/tex/latex/base/omscmr.fd
File: omscmr.fd 1999/05/25 v2.5h Standard LaTeX font definitions
)
LaTeX Font Info:    Font shape `OMS/cmr/m/n' in size <10.95> not available
(Font)              Font shape `OMS/cmsy/m/n' tried instead on input line 107.

Overfull \hbox (0.95415pt too wide) in paragraph at lines 121--128
[]\OT1/cmr/m/n/10.95 Chapter 7[] presents the func-tions con-tained in the \OT1
/cmtt/m/n/10.95 ChangeOfBasis\OT1/cmr/m/n/10.95 ,
 []


Overfull \hbox (16.09917pt too wide) in paragraph at lines 121--128
\OT1/cmtt/m/n/10.95 Cut\OT1/cmr/m/n/10.95 , \OT1/cmtt/m/n/10.95 Normalization\O
T1/cmr/m/n/10.95 , \OT1/cmtt/m/n/10.95 Reduction\OT1/cmr/m/n/10.95 , \OT1/cmtt/
m/n/10.95 Substitution\OT1/cmr/m/n/10.95 , and \OT1/cmtt/m/n/10.95 Substitution

 []


Overfull \hbox (0.95415pt too wide) in paragraph at lines 128--132
[]\OT1/cmr/m/n/10.95 Chapter 8[] presents the func-tions con-tained in the \OT1
/cmtt/m/n/10.95 ScheduleTools\OT1/cmr/m/n/10.95 ,
 []

[23] [24]
LaTeX Font Info:    External font `cmex10' loaded for size
(Font)              <9> on input line 200.
 [25] [26]
Chapter 2.
(./Alpha.tex (./incl-Alpha.tex) [27

] [28] [29] [30] [31] [32] [33] [34]
[35] [36] [37] [38]
Overfull \hbox (12.84512pt too wide) in paragraph at lines 359--361
[]\OT1/cmr/m/n/10.95 demoLink[d,demo] cre-ates an hy-per-link but-ton aim-ing a
t note-book demo.nb
 []

[39]
Overfull \hbox (1.53304pt too wide) in paragraph at lines 396--398
\OT1/cmr/m/n/10.95 wrap[exp,contextFile,result] eval-u-ates the ex-pres-sion ex
p in the con-text given
 []

[40] [41]) [42]
Chapter 3.
(./Domlib.tex
Overfull \hbox (0.31633pt too wide) in paragraph at lines 18--20
\OT1/cmr/m/n/10.95 Inter-sec-tion, Dom-IntEmp-tyQ, Dom-Left-Her-mite, DomLTQ, D
om-Ma-trixSim-
 []


Overfull \hbox (5.30463pt too wide) in paragraph at lines 18--20
\OT1/cmr/m/n/10.95 DomVi-sual, DomZ-Im-age, DomZPreim-age, hy-per-cube, Lat-tic
eD-if-fer-ence, Lat-
 []


Overfull \hbox (3.54044pt too wide) in paragraph at lines 18--20
\OT1/cmr/m/n/10.95 straintQ, lin-ear-ExpQ, lin-Half-S-pace, polToZpol, rays, ve
r-tices, and zpolToPol. 
 []

[43

] [44] [45] [46] [47] [48] [49]
Overfull \hbox (30.45924pt too wide) in paragraph at lines 201--203
\OT1/cmr/m/n/10.95 DomVertices[ldom, con-text] finds the parametrized ver-tices
 of a list of parametrized
 []


Overfull \hbox (31.9395pt too wide) in paragraph at lines 201--203
\OT1/cmr/m/n/10.95 ver-tices. DomVer-tices[pol, param] finds the parametrized v
er-tices of a parametrized
 []

[50] [51] [52]
Overfull \hbox (30.05371pt too wide) in paragraph at lines 266--268
\OT1/cmr/m/n/10.95 vertices[d] re-turns the list of ver-tices of the Al-pha do-
main d. ver-tices[\OMS/cmsy/m/n/10.95 f\OT1/cmr/m/n/10.95 const,index\OMS/cmsy/
m/n/10.95 g\OT1/cmr/m/n/10.95 ]
 []

) (./Zpol.tex [53]
Overfull \hbox (1.52287pt too wide) in paragraph at lines 11--13
\OT1/cmr/m/n/10.95 Z-polyhedra. These func-tions are ex-press-Lat-tice-With-Mat
, ex-pressZpol-With-
 []

LaTeX Font Info:    Font shape `OMS/cmr/m/n' in size <9> not available
(Font)              Font shape `OMS/cmsy/m/n' tried instead on input line 16.

Overfull \hbox (48.57368pt too wide) in paragraph at lines 16--17
\OT1/cmr/m/n/9 The in-ter-nal rep-re-sen-ta-tion of a Zpol is: do-main[dim[]Int
eger, \OMS/cmsy/m/n/9 f[][][]\OT1/cmr/m/n/9 String\OMS/cmsy/m/n/9 g\OT1/cmr/m/n
/9 , \OMS/cmsy/m/n/9 f[][][]\OT1/cmr/m/n/9 zpol[m[]matrix,\OMS/cmsy/m/n/9 f[][]
[]\OT1/cmr/m/n/9 pol\OMS/cmsy/m/n/9 g\OT1/cmr/m/n/9 ]\OMS/cmsy/m/n/9 g\OT1/cmr/
m/n/9 ]
 []

[54]) (./Visual.tex [55]) (./Visual3D.tex [56] [57]) [58]
Chapter 4.
(./Static.tex [59

] [60]) (./Semantics.tex [61] [62]) [63]
Chapter 5.
(./SubSystems.tex [64

]
Overfull \hbox (0.4684pt too wide) in paragraph at lines 20--22
\OT1/cmr/m/n/10.95 assignParameterValue[param,v,sys] gives the value v to the p
a-ram-e-ter param
 []

[65] [66] [67]) [68]
Chapter 6.
(./Matrix.tex
Overfull \hbox (12.87834pt too wide) in paragraph at lines 9--11
\OT1/cmr/m/n/10.95 con-vex-ize, con-vex-izeAll, deleteCol-umn, deleteRow, de-te
r-mi-nant, drop-Columns,
 []


Overfull \hbox (0.95508pt too wide) in paragraph at lines 9--11
\OT1/cmr/m/n/10.95 trix, nul-lLinearPartQ, sim-pli-fyAffines, solve-Dio-phan-ti
ne, smith-Nor-mal-Form,
 []


Overfull \hbox (4.3618pt too wide) in paragraph at lines 9--11
\OT1/cmr/m/n/10.95 square-Ma-trixQ, sup-press-RowNum, trans-la-tion-Ma-trix, tr
ans-la-tionQ, uni-mod-
 []

[69

] [70] [71] [72] [73]
Overfull \hbox (0.87003pt too wide) in paragraph at lines 82--84
\OT1/cmr/m/n/10.95 idMatrix[idx[]List,idy[]List] re-turns the trans-for-ma-tion
 ma-trix for de-pen-dence
 []

[74]
Overfull \hbox (8.9243pt too wide) in paragraph at lines 97--99
\OT1/cmr/m/n/10.95 gives the Al-pha ma-trix which rep-re-sents the affine func-
tion (i,j$\OMS/cmsy/m/n/10.95 !$\OT1/cmr/m/n/10.95 i+2j+1,3j+4).
 []

[75] [76] [77]) (./Tables.tex [78] [79] [80] [81]) [82]
Chapter 7.
(./ChangeOfBasis.tex
Overfull \hbox (9.65424pt too wide) in paragraph at lines 15--17
\OT1/cmr/m/n/10.95 changeOfBasis["B.(i,j $\OMS/cmsy/m/n/10.95 !$ \OT1/cmr/m/n/1
0.95 1,i,j)", recurse$\OMS/cmsy/m/n/10.95 !$\OT1/cmr/m/n/10.95 True] re-cur-siv
ely ex-e-cutes the change
 []

[83

] [84]) (./Cut.tex
Overfull \hbox (8.75186pt too wide) in paragraph at lines 15--17
\OT1/cmr/m/n/10.95 name. The pro-gram re-turned is as-signed to $re-sult. de-co
m-pose[sys,expr,name]
 []

[85] [86]
Underfull \hbox (badness 10000) in paragraph at lines 36--37

 []


Underfull \hbox (badness 10000) in paragraph at lines 36--37

 []


Underfull \hbox (badness 10000) in paragraph at lines 36--37

 []


Underfull \hbox (badness 10000) in paragraph at lines 36--37

 []


Underfull \hbox (badness 10000) in paragraph at lines 36--37

 []


Underfull \hbox (badness 10000) in paragraph at lines 36--37

 []


Underfull \hbox (badness 10000) in paragraph at lines 36--37

 []


Underfull \hbox (badness 10000) in paragraph at lines 36--37

 []

) (./Normalization.tex [87] [88] [89] [90]
Overfull \hbox (43.88324pt too wide) in paragraph at lines 75--77
\OT1/cmr/m/n/10.95 simplifySystem[] is just a short-hand for sim-pli-fy-In-Con-
text[]; con-vex-izeAll[];normalize[]
 []

) (./Reduction.tex [91] [92]) (./Substitution.tex [93] [94] [95] [96]) [97]
Chapter 8.
(./ScheduleTools.tex
Overfull \hbox (15.59358pt too wide) in paragraph at lines 7--9
\OT1/cmr/m/n/10.95 ap-plies the sched-ule $sched-ule to sys-tem `sys'. ap-plySc
hed-ule[sys[]Alpha`system,
 []


Overfull \hbox (204.3902pt too wide) in paragraph at lines 16--18
\OT1/cmr/m/n/10.95 diceList' (in-clud-ing the out-put of `use'). re-nameIndices
[sys:Alpha`system,indiceList:\OMS/cmsy/m/n/10.95 f[][][]\OT1/cmr/m/n/10.95 Stri
ng\OMS/cmsy/m/n/10.95 g\OT1/cmr/m/n/10.95 ,var:([]String$\OMS/cmsy/m/n/10.95 j$
f[][]\OT1/cmr/m/n/10.95 String\OMS/cmsy/m/n/10.95 g\OT1/cmr/m/n/10.95 )]
 []

[98

] [99]
Overfull \hbox (5.29865pt too wide) in paragraph at lines 31--33
\OT1/cmr/m/n/10.95 appVarSched[sys:[]system,var[]String,time[]Matrix,options] a
p-ply a sin-gle COB
 []

[100] [101] [102]) (./Schedule.tex
Overfull \hbox (135.17383pt too wide) in paragraph at lines 10--12
\OT1/cmr/m/n/10.95 with the multSched-Depth op-tions. Ex-am-ple: structSched[st
ructSchedType$\OMS/cmsy/m/n/10.95 !$\OT1/cmr/m/n/10.95 multi,multiSchedDepth$\O
MS/cmsy/m/n/10.95 !$\OT1/cmr/m/n/10.95 2]
 []


Overfull \hbox (20.27777pt too wide) in paragraph at lines 13--15
\OT1/cmr/m/n/10.95 the re-sult in $sched-ule (affine by vari-able by de-fault).
 sched-ule[sys[]Alpha`system,
 []


Overfull \hbox (41.84117pt too wide) in paragraph at lines 13--15
\OT1/cmr/m/n/10.95 for-ma-tion is avail-able in the file $MMAL-PHA/doc/user/<=S
cheduler[]user[]manual.ps. 
 []

[103]) (./VertexSchedule.tex (./incl-VertexSchedule.tex [104])
Overfull \hbox (35.66048pt too wide) in paragraph at lines 21--23
\OT1/cmr/m/n/10.95 tUs-eSched-ule, load-Sched-uleLi-brary, ma-trix-TransPart, p
olDo-mainQ, timeMinSched-
 []


Overfull \hbox (2.65834pt too wide) in paragraph at lines 21--23
\OT1/cmr/m/n/10.95 Con-straints, saveSched-uleLi-brary, scd, slackOf, sortE-qua
-tions, zpolDo-mainQ 
 []

[105] [106] [107] [108] [109] [110] [111]
Overfull \hbox (0.42773pt too wide) in paragraph at lines 210--212
\OT1/cmr/m/n/10.95 brary in the file sys.scdlib. saveSched-uleLi-brary[] saves 
the con-tent of $sched-
 []

[112]
Overfull \hbox (7.43378pt too wide) in paragraph at lines 223--225
\OT1/cmr/m/n/10.95 timeMinSched-Con-straints are same-Lin-earPart (de-fault Fal
se), ad-d-Con-straints
 []

[113] [114]) (./FarkasSchedule.tex [115]) [116]
Chapter 9.
(./Pipeline.tex
Overfull \hbox (0.43819pt too wide) in paragraph at lines 13--15
\OT1/cmr/m/n/10.95 pipeall["X","a.(i,j,k$\OMS/cmsy/m/n/10.95 !$\OT1/cmr/m/n/10.
95 i,j+1,k)","A.(i,j,k$\OMS/cmsy/m/n/10.95 !$\OT1/cmr/m/n/10.95 i,j+1,k)", "\OM
S/cmsy/m/n/10.95 f\OT1/cmr/m/n/10.95 i,j,k$\OMS/cmsy/m/n/10.95 j$\OT1/cmr/m/n/1
0.95 i$\OML/cmm/m/it/10.95 >$\OT1/cmr/m/n/10.95 =0\OMS/cmsy/m/n/10.95 g\OT1/cmr
/m/n/10.95 "] pipes all
 []


Overfull \hbox (94.69937pt too wide) in paragraph at lines 13--15
\OT1/cmr/m/n/10.95 gram-ming pur-poses, pi-peall may also be called with the fo
rm pi-peall[sys,var,expression,pipespec],
 []

[117

]
Overfull \hbox (0.43819pt too wide) in paragraph at lines 16--18
\OT1/cmr/m/n/10.95 pipeall["X","a.(i,j,k$\OMS/cmsy/m/n/10.95 !$\OT1/cmr/m/n/10.
95 i,j+1,k)","A.(i,j,k$\OMS/cmsy/m/n/10.95 !$\OT1/cmr/m/n/10.95 i,j+1,k)", "\OM
S/cmsy/m/n/10.95 f\OT1/cmr/m/n/10.95 i,j,k$\OMS/cmsy/m/n/10.95 j$\OT1/cmr/m/n/1
0.95 i$\OML/cmm/m/it/10.95 >$\OT1/cmr/m/n/10.95 =0\OMS/cmsy/m/n/10.95 g\OT1/cmr
/m/n/10.95 "] pipes all
 []


Overfull \hbox (94.69937pt too wide) in paragraph at lines 16--18
\OT1/cmr/m/n/10.95 gram-ming pur-poses, pi-peall may also be called with the fo
rm pi-peall[sys,var,expression,pipespec],
 []

[118]) (./Control.tex [119] [120] [121]) (./PipeControl.tex
Overfull \hbox (0.74211pt too wide) in paragraph at lines 13--15
\OT1/cmr/m/n/10.95 This pack-age con-tains func-tions to trans-form case ex-pre
s-sions for the pipeline
 []

[122] [123] [124] [125]) [126]
Chapter 10.
(./ToAlpha0v2.tex
Overfull \hbox (8.26117pt too wide) in paragraph at lines 13--15
\OT1/cmr/m/n/10.95 toAlpha0v2[sys[]Alpha`system,options[]List] con-verts a sche
d-uled pro-gram `sys'
 []

[127

]
Overfull \hbox (1.83719pt too wide) in paragraph at lines 25--27
\OT1/cmr/m/n/10.95 sult, and the op-tion list is op-tional, too (see Op-tions[m
akeInputMirrorEqus]). 
 []

[128]) (./Alphard.tex [129] [130] [131] [132]
Overfull \hbox (3.07207pt too wide) in paragraph at lines 64--66
\OT1/cmr/m/n/10.95 structureFrom[indices[]List[[][]String],listAllVars[]List[[]
[]String]] build a sub-sys-
 []


Overfull \hbox (11.5705pt too wide) in paragraph at lines 64--66
\OT1/cmr/m/n/10.95 struc-ture-From[sys,indices], struc-ture-From[sys,indices,li
stStructVar], struc-ture-
 []

[133]) (./Vhdl2.tex [134] [135]) (./VhdlTestBench.tex) [136]
Chapter 11.
(./MakeDoc.tex (./incl-MakeDoc.tex [137

]) [138] [139]) [140]
Chapter 12.
(./BinExpansion.tex) (./BitOperators.tex) (./Decomposition.tex)
(./DesignManagement.tex) (./INorm.tex) (./INormalize.tex) (./Lexicographic.tex
[141

] [142]) (./LinearAlg.tex) (./Matrix.tex
Overfull \hbox (12.87834pt too wide) in paragraph at lines 9--11
\OT1/cmr/m/n/10.95 con-vex-ize, con-vex-izeAll, deleteCol-umn, deleteRow, de-te
r-mi-nant, drop-Columns,
 []


Overfull \hbox (0.95508pt too wide) in paragraph at lines 9--11
\OT1/cmr/m/n/10.95 trix, nul-lLinearPartQ, sim-pli-fyAffines, solve-Dio-phan-ti
ne, smith-Nor-mal-Form,
 []


Overfull \hbox (4.3618pt too wide) in paragraph at lines 9--11
\OT1/cmr/m/n/10.95 square-Ma-trixQ, sup-press-RowNum, trans-la-tion-Ma-trix, tr
ans-la-tionQ, uni-mod-
 []

[143] [144] [145] [146]
Overfull \hbox (0.87003pt too wide) in paragraph at lines 82--84
\OT1/cmr/m/n/10.95 idMatrix[idx[]List,idy[]List] re-turns the trans-for-ma-tion
 ma-trix for de-pen-dence
 []

[147]
Overfull \hbox (8.9243pt too wide) in paragraph at lines 97--99
\OT1/cmr/m/n/10.95 gives the Al-pha ma-trix which rep-re-sents the affine func-
tion (i,j$\OMS/cmsy/m/n/10.95 !$\OT1/cmr/m/n/10.95 i+2j+1,3j+4).
 []

[148] [149] [150]) (./Meta.tex [151]) (./ModularSchedule.tex) (./Omega.tex)
(./Options.tex [152] [153]
Overfull \hbox (47.96912pt too wide) in paragraph at lines 46--48
\OT1/cmr/m/n/10.95 with file in-ter-face) im-ple-mented in the sched-ule-Farkas
 func-tion. schedMethod$\OMS/cmsy/m/n/10.95 !$\OT1/cmr/m/n/10.95 farkas2
 []

[154]
Overfull \hbox (47.18852pt too wide) in paragraph at lines 61--63
\OT1/cmr/m/n/10.95 schedule[addConstraints$\OMS/cmsy/m/n/10.95 !$f\OT1/cmr/m/n/
10.95 "TA[i,j,N]=i+2j-2","TBD2==2","TBD1+2TBD3$\OML/cmm/m/it/10.95 >$\OT1/cmr/m
/n/10.95 =1"\OMS/cmsy/m/n/10.95 g\OT1/cmr/m/n/10.95 ]
 []

[155] [156]
Overfull \hbox (52.47081pt too wide) in paragraph at lines 85--87
\OT1/cmr/m/n/10.95 sched-ule: min-i-miz-ing time, de-lays on de-pen-den-cies of
 noth-ing. optimizationType$\OMS/cmsy/m/n/10.95 !$\OT1/cmr/m/n/10.95 time
 []

[157]
Overfull \hbox (7.73796pt too wide) in paragraph at lines 94--96
\OT1/cmr/m/n/10.95 possible value of op-tion op-ti-miza-tion-Type of sched-ule 
or of op-tion structSched-
 []


Overfull \hbox (0.10338pt too wide) in paragraph at lines 103--105
\OT1/cmr/m/n/10.95 Option of build-Sched Con-straint (in-te-ger or list of in-t
e-ger), in-di-cates whether
 []

[158]
Overfull \hbox (9.07634pt too wide) in paragraph at lines 118--120
\OT1/cmr/m/n/10.95 to min-i-mize them in an-other or-der: objFunction$\OMS/cmsy
/m/n/10.95 !$\OT1/cmr/m/n/10.95 lexicographic["N","P","M"]
 []

[159] [160]
Overfull \hbox (24.51471pt too wide) in paragraph at lines 139--141
\OT1/cmr/m/n/10.95 (Lin-ear Pro-gram-ming prob-lem (LP) for-mated for lp[]solve
), outputForm$\OMS/cmsy/m/n/10.95 !$\OT1/cmr/m/n/10.95 lpMMA
 []

[161]
Overfull \hbox (1.9283pt too wide) in paragraph at lines 151--153
\OT1/cmr/m/n/10.95 verticesPositives is an op-tion of scd, sched-ule-Con-strain
ts, and timeMinSched-
 []

[162] [163] [164] [165] [166] [167] [168] [169] [170]
Overfull \hbox (2.29338pt too wide) in paragraph at lines 316--318
\OT1/cmr/m/n/10.95 should be a Math-e-mat-ica Vec-tor (in-te-ger list) for in-s
tance: \OMS/cmsy/m/n/10.95 f\OT1/cmr/m/n/10.95 1,0,0\OMS/cmsy/m/n/10.95 g\OT1/c
mr/m/n/10.95 (dimension
 []

[171] [172]) (./Properties.tex [173] [174]) (./Reduction.tex [175])
(./Schematics.tex
Overfull \hbox (36.74532pt too wide) in paragraph at lines 10--12
\OMS/cmsy/m/n/10.95 ff\OT1/cmr/m/n/10.95 0,1\OMS/cmsy/m/n/10.95 g\OT1/cmr/m/n/1
0.95 ,\OMS/cmsy/m/n/10.95 f\OT1/cmr/m/n/10.95 0,1\OMS/cmsy/m/n/10.95 gg\OT1/cmr
/m/n/10.95 , which dis-plays the full schemat-ics. partShown $\OMS/cmsy/m/n/10.
95 !$ff\OT1/cmr/m/n/10.95 0.2,0.4\OMS/cmsy/m/n/10.95 g\OT1/cmr/m/n/10.95 ,\OMS/
cmsy/m/n/10.95 f\OT1/cmr/m/n/10.95 0.3,1.2\OMS/cmsy/m/n/10.95 gg
 []

[176] [177] [178]) (./Semantics.tex [179] [180]) (./Static.tex [181] [182])
(./SubSystems.tex [183]
Overfull \hbox (0.4684pt too wide) in paragraph at lines 20--22
\OT1/cmr/m/n/10.95 assignParameterValue[param,v,sys] gives the value v to the p
a-ram-e-ter param
 []

[184] [185] [186]) (./SystemCTestBench.tex) (./SystemCTools.tex) (./Tables.tex
[187] [188] [189] [190]) (./Transformation.tex) (./Uniformization.tex)
(./UniformizationTools.tex) (./Visual.tex [191]) (./Visual3D.tex [192] [193])
(./Zpol.tex
Overfull \hbox (1.52287pt too wide) in paragraph at lines 11--13
\OT1/cmr/m/n/10.95 Z-polyhedra. These func-tions are ex-press-Lat-tice-With-Mat
, ex-pressZpol-With-
 []

[194]
Overfull \hbox (48.57368pt too wide) in paragraph at lines 16--17
\OT1/cmr/m/n/9 The in-ter-nal rep-re-sen-ta-tion of a Zpol is: do-main[dim[]Int
eger, \OMS/cmsy/m/n/9 f[][][]\OT1/cmr/m/n/9 String\OMS/cmsy/m/n/9 g\OT1/cmr/m/n
/9 , \OMS/cmsy/m/n/9 f[][][]\OT1/cmr/m/n/9 zpol[m[]matrix,\OMS/cmsy/m/n/9 f[][]
[]\OT1/cmr/m/n/9 pol\OMS/cmsy/m/n/9 g\OT1/cmr/m/n/9 ]\OMS/cmsy/m/n/9 g\OT1/cmr/
m/n/9 ]
 []

[195]) (./referenceManual.ind [196] [197

] [198] [199]
Overfull \hbox (0.20023pt too wide) in paragraph at lines 287--288
[]\OT1/cmr/m/n/10.95 getSystemParameterDomain, 80, 189 
 []

[200] [201] [202] [203] [204] [205

]) (./referenceManual.aux)

LaTeX Warning: There were multiply-defined labels.

 ) 
Here is how much of TeX's memory you used:
 727 strings out of 94412
 9613 string characters out of 1172318
 2052000 words of memory out of 4503564
 3824 multiletter control sequences out of 10000+50000
 13488 words of font info for 47 fonts, out of 2000000 for 2000
 582 hyphenation exceptions out of 5000
 25i,8n,21p,2667b,274s stack positions out of 5000i,500n,6000p,200000b,40000s
PDF statistics:
 704 PDF objects out of 300000
 0 named destinations out of 131072
 1 words of extra memory for PDF output out of 10000
</usr/local/teTeX/share/texmf.tetex/fonts/type1/bluesky/cm/cmmi9.pfb></usr/lo
cal/teTeX/share/texmf.tetex/fonts/type1/bluesky/cm/cmsy9.pfb></usr/local/teTeX/
share/texmf.tetex/fonts/type1/bluesky/cm/cmmi10.pfb></usr/local/teTeX/share/tex
mf.tetex/fonts/type1/bluesky/cm/cmr9.pfb></usr/local/teTeX/share/texmf.tetex/fo
nts/type1/bluesky/cm/cmr6.pfb></usr/local/teTeX/share/texmf.tetex/fonts/type1/b
luesky/cm/cmsy10.pfb></usr/local/teTeX/share/texmf.tetex/fonts/type1/bluesky/cm
/cmr8.pfb></usr/local/teTeX/share/texmf.tetex/fonts/type1/bluesky/cm/cmti10.pfb
></usr/local/teTeX/share/texmf.tetex/fonts/type1/bluesky/cm/cmtt10.pfb></usr/lo
cal/teTeX/share/texmf.tetex/fonts/type1/bluesky/cm/cmcsc10.pfb></usr/local/teTe
X/share/texmf.tetex/fonts/type1/bluesky/cm/cmsl10.pfb></usr/local/teTeX/share/t
exmf.tetex/fonts/type1/bluesky/cm/cmbx10.pfb></usr/local/teTeX/share/texmf.tete
x/fonts/type1/bluesky/cm/cmbx12.pfb></usr/local/teTeX/share/texmf.tetex/fonts/t
ype1/bluesky/cm/cmr10.pfb></usr/local/teTeX/share/texmf.tetex/fonts/type1/blues
ky/cm/cmr7.pfb></usr/local/teTeX/share/texmf.tetex/fonts/type1/bluesky/cm/cmr12
.pfb></usr/local/teTeX/share/texmf.tetex/fonts/type1/bluesky/cm/cmr17.pfb>
Output written on referenceManual.pdf (206 pages, 479132 bytes).
